[0406/211649.859:ERROR:audio_rtp_receiver.cc(89)] AudioRtpReceiver::OnSetVolume: No audio channel exists.
[0406/211649.860:WARNING:used_ids.h(55)] Duplicate id found. Reassigning from 104 to 127
[0406/211649.860:WARNING:used_ids.h(55)] Duplicate id found. Reassigning from 102 to 125
[0406/211649.860:WARNING:used_ids.h(55)] Duplicate id found. Reassigning from 104 to 124
[0406/211649.860:WARNING:used_ids.h(55)] Duplicate id found. Reassigning from 106 to 123
[0406/211649.860:WARNING:used_ids.h(55)] Duplicate id found. Reassigning from 103 to 122
[0406/211649.860:WARNING:used_ids.h(55)] Duplicate id found. Reassigning from 105 to 121
[0406/211649.860:WARNING:used_ids.h(55)] Duplicate id found. Reassigning from 109 to 120
[0406/211649.860:WARNING:used_ids.h(55)] Duplicate id found. Reassigning from 1 to 14
[0406/211649.860:WARNING:used_ids.h(55)] Duplicate id found. Reassigning from 3 to 13
[0406/211649.860:WARNING:used_ids.h(55)] Duplicate id found. Reassigning from 5 to 12
[0406/211649.860:WARNING:used_ids.h(55)] Duplicate id found. Reassigning from 6 to 11
[0406/211658.332:WARNING:spdy_session.cc(3365)] Received HEADERS for invalid stream 39
[0406/211659.598:ERROR:device_event_log_impl.cc(208)] [21:16:59.597] Bluetooth: bluetooth_adapter_winrt.cc:1074 Getting Default Adapter failed.
[0406/211742.298:WARNING:used_ids.h(55)] Duplicate id found. Reassigning from 104 to 127
[0406/211742.298:WARNING:used_ids.h(55)] Duplicate id found. Reassigning from 103 to 125
[0406/211742.298:WARNING:used_ids.h(55)] Duplicate id found. Reassigning from 1 to 14
[0406/211742.298:WARNING:used_ids.h(55)] Duplicate id found. Reassigning from 3 to 13
[0406/211742.298:WARNING:used_ids.h(55)] Duplicate id found. Reassigning from 5 to 12
[0406/211742.298:WARNING:used_ids.h(55)] Duplicate id found. Reassigning from 6 to 11
[0406/211742.298:ERROR:audio_rtp_receiver.cc(89)] AudioRtpReceiver::OnSetVolume: No audio channel exists.
[0406/211753.386:ERROR:audio_rtp_receiver.cc(89)] AudioRtpReceiver::OnSetVolume: No audio channel exists.
[0406/211753.386:WARNING:used_ids.h(55)] Duplicate id found. Reassigning from 104 to 127
[0406/211753.386:WARNING:used_ids.h(55)] Duplicate id found. Reassigning from 102 to 125
[0406/211753.386:WARNING:used_ids.h(55)] Duplicate id found. Reassigning from 104 to 124
[0406/211753.386:WARNING:used_ids.h(55)] Duplicate id found. Reassigning from 106 to 123
[0406/211753.386:WARNING:used_ids.h(55)] Duplicate id found. Reassigning from 103 to 122
[0406/211753.386:WARNING:used_ids.h(55)] Duplicate id found. Reassigning from 105 to 121
[0406/211753.386:WARNING:used_ids.h(55)] Duplicate id found. Reassigning from 109 to 120
[0406/211753.386:WARNING:used_ids.h(55)] Duplicate id found. Reassigning from 1 to 14
[0406/211753.386:WARNING:used_ids.h(55)] Duplicate id found. Reassigning from 3 to 13
[0406/211753.386:WARNING:used_ids.h(55)] Duplicate id found. Reassigning from 5 to 12
[0406/211753.386:WARNING:used_ids.h(55)] Duplicate id found. Reassigning from 6 to 11
[0406/211812.980:ERROR:audio_rtp_receiver.cc(89)] AudioRtpReceiver::OnSetVolume: No audio channel exists.
[0406/211812.980:WARNING:used_ids.h(55)] Duplicate id found. Reassigning from 104 to 127
[0406/211812.980:WARNING:used_ids.h(55)] Duplicate id found. Reassigning from 102 to 125
[0406/211812.980:WARNING:used_ids.h(55)] Duplicate id found. Reassigning from 104 to 124
[0406/211812.980:WARNING:used_ids.h(55)] Duplicate id found. Reassigning from 106 to 123
[0406/211812.980:WARNING:used_ids.h(55)] Duplicate id found. Reassigning from 103 to 122
[0406/211812.980:WARNING:used_ids.h(55)] Duplicate id found. Reassigning from 105 to 121
[0406/211812.980:WARNING:used_ids.h(55)] Duplicate id found. Reassigning from 109 to 120
[0406/211812.980:WARNING:used_ids.h(55)] Duplicate id found. Reassigning from 1 to 14
[0406/211812.980:WARNING:used_ids.h(55)] Duplicate id found. Reassigning from 3 to 13
[0406/211812.980:WARNING:used_ids.h(55)] Duplicate id found. Reassigning from 5 to 12
[0406/211812.980:WARNING:used_ids.h(55)] Duplicate id found. Reassigning from 6 to 11
[0406/211820.642:WARNING:spdy_session.cc(3365)] Received HEADERS for invalid stream 99
[0406/211821.801:ERROR:device_event_log_impl.cc(208)] [21:18:21.801] Bluetooth: bluetooth_adapter_winrt.cc:1074 Getting Default Adapter failed.
[0406/211918.745:WARNING:used_ids.h(55)] Duplicate id found. Reassigning from 104 to 127
[0406/211918.745:WARNING:used_ids.h(55)] Duplicate id found. Reassigning from 103 to 125
[0406/211918.745:WARNING:used_ids.h(55)] Duplicate id found. Reassigning from 1 to 14
[0406/211918.745:WARNING:used_ids.h(55)] Duplicate id found. Reassigning from 3 to 13
[0406/211918.745:WARNING:used_ids.h(55)] Duplicate id found. Reassigning from 5 to 12
[0406/211918.745:WARNING:used_ids.h(55)] Duplicate id found. Reassigning from 6 to 11
[0406/211918.746:ERROR:audio_rtp_receiver.cc(89)] AudioRtpReceiver::OnSetVolume: No audio channel exists.
[0406/211939.553:ERROR:audio_rtp_receiver.cc(89)] AudioRtpReceiver::OnSetVolume: No audio channel exists.
[0406/211939.553:WARNING:used_ids.h(55)] Duplicate id found. Reassigning from 104 to 127
[0406/211939.553:WARNING:used_ids.h(55)] Duplicate id found. Reassigning from 102 to 125
[0406/211939.553:WARNING:used_ids.h(55)] Duplicate id found. Reassigning from 104 to 124
[0406/211939.553:WARNING:used_ids.h(55)] Duplicate id found. Reassigning from 106 to 123
[0406/211939.553:WARNING:used_ids.h(55)] Duplicate id found. Reassigning from 103 to 122
[0406/211939.553:WARNING:used_ids.h(55)] Duplicate id found. Reassigning from 105 to 121
[0406/211939.553:WARNING:used_ids.h(55)] Duplicate id found. Reassigning from 109 to 120
[0406/211939.553:WARNING:used_ids.h(55)] Duplicate id found. Reassigning from 1 to 14
[0406/211939.553:WARNING:used_ids.h(55)] Duplicate id found. Reassigning from 3 to 13
[0406/211939.553:WARNING:used_ids.h(55)] Duplicate id found. Reassigning from 5 to 12
[0406/211939.553:WARNING:used_ids.h(55)] Duplicate id found. Reassigning from 6 to 11
[0406/211947.239:ERROR:audio_rtp_receiver.cc(89)] AudioRtpReceiver::OnSetVolume: No audio channel exists.
[0406/211947.239:WARNING:used_ids.h(55)] Duplicate id found. Reassigning from 104 to 127
[0406/211947.239:WARNING:used_ids.h(55)] Duplicate id found. Reassigning from 102 to 125
[0406/211947.239:WARNING:used_ids.h(55)] Duplicate id found. Reassigning from 104 to 124
[0406/211947.239:WARNING:used_ids.h(55)] Duplicate id found. Reassigning from 106 to 123
[0406/211947.239:WARNING:used_ids.h(55)] Duplicate id found. Reassigning from 103 to 122
[0406/211947.239:WARNING:used_ids.h(55)] Duplicate id found. Reassigning from 105 to 121
[0406/211947.239:WARNING:used_ids.h(55)] Duplicate id found. Reassigning from 109 to 120
[0406/211947.239:WARNING:used_ids.h(55)] Duplicate id found. Reassigning from 1 to 14
[0406/211947.239:WARNING:used_ids.h(55)] Duplicate id found. Reassigning from 3 to 13
[0406/211947.239:WARNING:used_ids.h(55)] Duplicate id found. Reassigning from 5 to 12
[0406/211947.239:WARNING:used_ids.h(55)] Duplicate id found. Reassigning from 6 to 11
[0406/211950.014:ERROR:audio_rtp_receiver.cc(89)] AudioRtpReceiver::OnSetVolume: No audio channel exists.
[0406/211950.014:WARNING:used_ids.h(55)] Duplicate id found. Reassigning from 104 to 127
[0406/211950.014:WARNING:used_ids.h(55)] Duplicate id found. Reassigning from 102 to 125
[0406/211950.014:WARNING:used_ids.h(55)] Duplicate id found. Reassigning from 104 to 124
[0406/211950.014:WARNING:used_ids.h(55)] Duplicate id found. Reassigning from 106 to 123
[0406/211950.014:WARNING:used_ids.h(55)] Duplicate id found. Reassigning from 103 to 122
[0406/211950.014:WARNING:used_ids.h(55)] Duplicate id found. Reassigning from 105 to 121
[0406/211950.014:WARNING:used_ids.h(55)] Duplicate id found. Reassigning from 109 to 120
[0406/211950.014:WARNING:used_ids.h(55)] Duplicate id found. Reassigning from 1 to 14
[0406/211950.014:WARNING:used_ids.h(55)] Duplicate id found. Reassigning from 3 to 13
[0406/211950.014:WARNING:used_ids.h(55)] Duplicate id found. Reassigning from 5 to 12
[0406/211950.014:WARNING:used_ids.h(55)] Duplicate id found. Reassigning from 6 to 11
[0406/211959.104:WARNING:used_ids.h(55)] Duplicate id found. Reassigning from 104 to 127
[0406/211959.104:WARNING:used_ids.h(55)] Duplicate id found. Reassigning from 102 to 125
[0406/211959.104:WARNING:used_ids.h(55)] Duplicate id found. Reassigning from 104 to 124
[0406/211959.104:WARNING:used_ids.h(55)] Duplicate id found. Reassigning from 106 to 123
[0406/211959.104:WARNING:used_ids.h(55)] Duplicate id found. Reassigning from 103 to 122
[0406/211959.104:WARNING:used_ids.h(55)] Duplicate id found. Reassigning from 105 to 121
[0406/211959.104:WARNING:used_ids.h(55)] Duplicate id found. Reassigning from 109 to 120
[0406/211959.104:WARNING:used_ids.h(55)] Duplicate id found. Reassigning from 1 to 14
[0406/211959.104:WARNING:used_ids.h(55)] Duplicate id found. Reassigning from 3 to 13
[0406/211959.104:WARNING:used_ids.h(55)] Duplicate id found. Reassigning from 5 to 12
[0406/211959.104:WARNING:used_ids.h(55)] Duplicate id found. Reassigning from 6 to 11
[0406/211959.104:ERROR:audio_rtp_receiver.cc(89)] AudioRtpReceiver::OnSetVolume: No audio channel exists.
[0406/213010.751:WARNING:used_ids.h(55)] Duplicate id found. Reassigning from 104 to 127
[0406/213010.751:WARNING:used_ids.h(55)] Duplicate id found. Reassigning from 102 to 125
[0406/213010.751:WARNING:used_ids.h(55)] Duplicate id found. Reassigning from 104 to 124
[0406/213010.751:WARNING:used_ids.h(55)] Duplicate id found. Reassigning from 106 to 123
[0406/213010.751:WARNING:used_ids.h(55)] Duplicate id found. Reassigning from 103 to 122
[0406/213010.751:WARNING:used_ids.h(55)] Duplicate id found. Reassigning from 105 to 121
[0406/213010.751:WARNING:used_ids.h(55)] Duplicate id found. Reassigning from 109 to 120
[0406/213010.751:WARNING:used_ids.h(55)] Duplicate id found. Reassigning from 1 to 14
[0406/213010.751:WARNING:used_ids.h(55)] Duplicate id found. Reassigning from 3 to 13
[0406/213010.751:WARNING:used_ids.h(55)] Duplicate id found. Reassigning from 5 to 12
[0406/213010.751:WARNING:used_ids.h(55)] Duplicate id found. Reassigning from 6 to 11
[0406/213010.751:ERROR:audio_rtp_receiver.cc(89)] AudioRtpReceiver::OnSetVolume: No audio channel exists.
[0406/213021.320:ERROR:audio_rtp_receiver.cc(89)] AudioRtpReceiver::OnSetVolume: No audio channel exists.
[0406/213021.320:WARNING:used_ids.h(55)] Duplicate id found. Reassigning from 104 to 127
[0406/213021.320:WARNING:used_ids.h(55)] Duplicate id found. Reassigning from 102 to 125
[0406/213021.320:WARNING:used_ids.h(55)] Duplicate id found. Reassigning from 104 to 124
[0406/213021.320:WARNING:used_ids.h(55)] Duplicate id found. Reassigning from 106 to 123
[0406/213021.320:WARNING:used_ids.h(55)] Duplicate id found. Reassigning from 103 to 122
[0406/213021.320:WARNING:used_ids.h(55)] Duplicate id found. Reassigning from 105 to 121
[0406/213021.320:WARNING:used_ids.h(55)] Duplicate id found. Reassigning from 109 to 120
[0406/213021.320:WARNING:used_ids.h(55)] Duplicate id found. Reassigning from 1 to 14
[0406/213021.320:WARNING:used_ids.h(55)] Duplicate id found. Reassigning from 3 to 13
[0406/213021.320:WARNING:used_ids.h(55)] Duplicate id found. Reassigning from 5 to 12
[0406/213021.320:WARNING:used_ids.h(55)] Duplicate id found. Reassigning from 6 to 11
[0406/213223.588:ERROR:audio_rtp_receiver.cc(89)] AudioRtpReceiver::OnSetVolume: No audio channel exists.
[0406/213223.588:WARNING:used_ids.h(55)] Duplicate id found. Reassigning from 104 to 127
[0406/213223.588:WARNING:used_ids.h(55)] Duplicate id found. Reassigning from 102 to 125
[0406/213223.588:WARNING:used_ids.h(55)] Duplicate id found. Reassigning from 104 to 124
[0406/213223.588:WARNING:used_ids.h(55)] Duplicate id found. Reassigning from 106 to 123
[0406/213223.588:WARNING:used_ids.h(55)] Duplicate id found. Reassigning from 103 to 122
[0406/213223.588:WARNING:used_ids.h(55)] Duplicate id found. Reassigning from 105 to 121
[0406/213223.588:WARNING:used_ids.h(55)] Duplicate id found. Reassigning from 109 to 120
[0406/213223.588:WARNING:used_ids.h(55)] Duplicate id found. Reassigning from 1 to 14
[0406/213223.588:WARNING:used_ids.h(55)] Duplicate id found. Reassigning from 3 to 13
[0406/213223.588:WARNING:used_ids.h(55)] Duplicate id found. Reassigning from 5 to 12
[0406/213223.588:WARNING:used_ids.h(55)] Duplicate id found. Reassigning from 6 to 11
[0406/213226.759:ERROR:audio_rtp_receiver.cc(89)] AudioRtpReceiver::OnSetVolume: No audio channel exists.
[0406/213226.759:WARNING:used_ids.h(55)] Duplicate id found. Reassigning from 104 to 127
[0406/213226.759:WARNING:used_ids.h(55)] Duplicate id found. Reassigning from 102 to 125
[0406/213226.759:WARNING:used_ids.h(55)] Duplicate id found. Reassigning from 104 to 124
[0406/213226.759:WARNING:used_ids.h(55)] Duplicate id found. Reassigning from 106 to 123
[0406/213226.759:WARNING:used_ids.h(55)] Duplicate id found. Reassigning from 103 to 122
[0406/213226.759:WARNING:used_ids.h(55)] Duplicate id found. Reassigning from 105 to 121
[0406/213226.759:WARNING:used_ids.h(55)] Duplicate id found. Reassigning from 109 to 120
[0406/213226.759:WARNING:used_ids.h(55)] Duplicate id found. Reassigning from 1 to 14
[0406/213226.759:WARNING:used_ids.h(55)] Duplicate id found. Reassigning from 3 to 13
[0406/213226.759:WARNING:used_ids.h(55)] Duplicate id found. Reassigning from 5 to 12
[0406/213226.759:WARNING:used_ids.h(55)] Duplicate id found. Reassigning from 6 to 11
[0406/213252.410:ERROR:batching_media_log.cc(38)] MediaEvent: {"error":"FFmpegDemuxer: no supported streams"}
[0406/213252.410:ERROR:batching_media_log.cc(35)] MediaEvent: {"pipeline_error":14}
[0406/213252.974:ERROR:batching_media_log.cc(38)] MediaEvent: {"error":"FFmpegDemuxer: no supported streams"}
[0406/213252.974:ERROR:batching_media_log.cc(35)] MediaEvent: {"pipeline_error":14}
