Log file open, 05/27/21 15:02:38
LogInit: Display: Running engine for game: FirstPersonDemo
LogPlatformFile: Not using cached read wrapper
LogTaskGraph: Started task graph with 5 named threads and 35 total threads with 3 sets of task threads.
LogStats: Stats thread started at 1.253964
LogD3D11RHI: Loaded GFSDK_Aftermath_Lib.x64.dll
LogICUInternationalization: ICU TimeZone Detection - Raw Offset: -6:00, Platform Override: ''
LogPluginManager: Mounting plugin Paper2D
LogPluginManager: Mounting plugin AISupport
LogPluginManager: Mounting plugin LightPropagationVolume
LogPluginManager: Mounting plugin CameraShakePreviewer
LogPluginManager: Mounting plugin ActorLayerUtilities
LogPluginManager: Mounting plugin AnimationSharing
LogPluginManager: Mounting plugin CLionSourceCodeAccess
LogPluginManager: Mounting plugin CodeLiteSourceCodeAccess
LogPluginManager: Mounting plugin GitSourceControl
LogPluginManager: Mounting plugin KDevelopSourceCodeAccess
LogPluginManager: Mounting plugin NullSourceCodeAccess
LogPluginManager: Mounting plugin PerforceSourceControl
LogPluginManager: Mounting plugin PlasticSourceControl
LogPluginManager: Mounting plugin RiderSourceCodeAccess
LogPluginManager: Mounting plugin SubversionSourceControl
LogPluginManager: Mounting plugin UObjectPlugin
LogPluginManager: Mounting plugin VisualStudioCodeSourceCodeAccess
LogPluginManager: Mounting plugin VisualStudioSourceCodeAccess
LogPluginManager: Mounting plugin XCodeSourceCodeAccess
LogPluginManager: Mounting plugin AssetManagerEditor
LogPluginManager: Mounting plugin CryptoKeys
LogPluginManager: Mounting plugin CurveEditorTools
LogPluginManager: Mounting plugin DataValidation
LogPluginManager: Mounting plugin EditorScriptingUtilities
LogPluginManager: Mounting plugin FacialAnimation
LogPluginManager: Mounting plugin GameplayTagsEditor
LogPluginManager: Mounting plugin GeometryMode
LogPluginManager: Mounting plugin MacGraphicsSwitching
LogPluginManager: Mounting plugin MaterialAnalyzer
LogPluginManager: Mounting plugin MobileLauncherProfileWizard
LogPluginManager: Mounting plugin PluginBrowser
LogPluginManager: Mounting plugin SpeedTreeImporter
LogPluginManager: Mounting plugin DatasmithContent
LogPluginManager: Mounting plugin VariantManagerContent
LogPluginManager: Mounting plugin AlembicImporter
LogPluginManager: Mounting plugin AutomationUtils
LogPluginManager: Mounting plugin BackChannel
LogPluginManager: Mounting plugin ChaosCloth
LogPluginManager: Mounting plugin ChaosClothEditor
LogPluginManager: Mounting plugin ChaosEditor
LogPluginManager: Mounting plugin ChaosNiagara
LogPluginManager: Mounting plugin ChaosSolverPlugin
LogPluginManager: Mounting plugin CharacterAI
LogPluginManager: Mounting plugin GeometryCache
LogPluginManager: Mounting plugin GeometryCollectionPlugin
LogPluginManager: Mounting plugin GeometryProcessing
LogPluginManager: Mounting plugin PlanarCut
LogPluginManager: Mounting plugin PlatformCrypto
LogPluginManager: Mounting plugin ProxyLODPlugin
LogPluginManager: Mounting plugin SkeletalReduction
LogPluginManager: Mounting plugin Niagara
LogPluginManager: Mounting plugin MagicLeap
LogPluginManager: Mounting plugin MagicLeapLightEstimation
LogPluginManager: Mounting plugin MagicLeapMedia
LogPluginManager: Mounting plugin MagicLeapPassableWorld
LogPluginManager: Mounting plugin MLSDK
LogPluginManager: Mounting plugin AndroidMedia
LogPluginManager: Mounting plugin AvfMedia
LogPluginManager: Mounting plugin ImgMedia
LogPluginManager: Mounting plugin MediaCompositing
LogPluginManager: Mounting plugin MediaPlayerEditor
LogPluginManager: Mounting plugin WebMMedia
LogPluginManager: Mounting plugin WmfMedia
LogPluginManager: Mounting plugin MeshPainting
LogPluginManager: Mounting plugin TcpMessaging
LogPluginManager: Mounting plugin UdpMessaging
LogPluginManager: Mounting plugin ActorSequence
LogPluginManager: Mounting plugin LevelSequenceEditor
LogPluginManager: Mounting plugin MatineeToLevelSequence
LogPluginManager: Mounting plugin MovieRenderPipeline
LogPluginManager: Mounting plugin TemplateSequence
LogPluginManager: Mounting plugin NetcodeUnitTest
LogPluginManager: Mounting plugin NUTUnrealEngine4
LogPluginManager: Mounting plugin OnlineSubsystemGooglePlay
LogPluginManager: Mounting plugin OnlineSubsystemIOS
LogPluginManager: Mounting plugin OnlineSubsystem
LogPluginManager: Mounting plugin OnlineSubsystemNull
LogPluginManager: Mounting plugin OnlineSubsystemUtils
LogPluginManager: Mounting plugin LauncherChunkInstaller
LogPluginManager: Mounting plugin AndroidDeviceProfileSelector
LogPluginManager: Mounting plugin AndroidMoviePlayer
LogPluginManager: Mounting plugin AndroidPermission
LogPluginManager: Mounting plugin AppleImageUtils
LogPluginManager: Mounting plugin AppleMoviePlayer
LogPluginManager: Mounting plugin ArchVisCharacter
LogPluginManager: Mounting plugin AssetTags
LogPluginManager: Mounting plugin AudioCapture
LogPluginManager: Mounting plugin CableComponent
LogPluginManager: Mounting plugin CustomMeshComponent
LogPluginManager: Mounting plugin EditableMesh
LogPluginManager: Mounting plugin ExampleDeviceProfileSelector
LogPluginManager: Mounting plugin GoogleCloudMessaging
LogPluginManager: Mounting plugin GooglePAD
LogPluginManager: Mounting plugin IOSDeviceProfileSelector
LogPluginManager: Mounting plugin LinuxDeviceProfileSelector
LogPluginManager: Mounting plugin LocationServicesBPLibrary
LogPluginManager: Mounting plugin MobilePatchingUtils
LogPluginManager: Mounting plugin PhysXVehicles
LogPluginManager: Mounting plugin PostSplashScreen
LogPluginManager: Mounting plugin ProceduralMeshComponent
LogPluginManager: Mounting plugin RuntimePhysXCooking
LogPluginManager: Mounting plugin SignificanceManager
LogPluginManager: Mounting plugin SoundFields
LogPluginManager: Mounting plugin Synthesis
LogPluginManager: Mounting plugin WebMMoviePlayer
LogPluginManager: Mounting plugin WindowsMoviePlayer
LogPluginManager: Mounting plugin ScreenshotTools
LogInit: Using libcurl 7.55.1-DEV
LogInit:  - built for x86_64-pc-win32
LogInit:  - supports SSL with OpenSSL/1.1.1
LogInit:  - supports HTTP deflate (compression) using libz 1.2.8
LogInit:  - other features:
LogInit:      CURL_VERSION_SSL
LogInit:      CURL_VERSION_LIBZ
LogInit:      CURL_VERSION_IPV6
LogInit:      CURL_VERSION_ASYNCHDNS
LogInit:      CURL_VERSION_LARGEFILE
LogInit:      CURL_VERSION_IDN
LogInit:  CurlRequestOptions (configurable via config and command line):
LogInit:  - bVerifyPeer = true  - Libcurl will verify peer certificate
LogInit:  - bUseHttpProxy = false  - Libcurl will NOT use HTTP proxy
LogInit:  - bDontReuseConnections = false  - Libcurl will reuse connections
LogInit:  - MaxHostConnections = 16  - Libcurl will limit the number of connections to a host
LogInit:  - LocalHostAddr = Default
LogInit:  - BufferSize = 65536
LogOnline: OSS: Creating online subsystem instance for: NULL
LogInit: WinSock: version 1.1 (2.2), MaxSocks=32767, MaxUdp=65467
LogOnline: OSS: TryLoadSubsystemAndSetDefault: Loaded subsystem for module [NULL]
LogInit: Build: ++UE4+Release-4.25-CL-14469661
LogInit: Engine Version: 4.25.4-14469661+++UE4+Release-4.25
LogInit: Compatible Engine Version: 4.25.0-13144385+++UE4+Release-4.25
LogInit: Net CL: 13144385
LogInit: OS: Windows 10 (Release 2009) (), CPU: Intel(R) Core(TM) i7-8750H CPU @ 2.20GHz, GPU: Intel(R) UHD Graphics 630
LogInit: Compiled (64-bit): Oct 11 2020 08:10:49
LogInit: Compiled with Visual C++: 19.24.28315.00
LogInit: Build Configuration: Development
LogInit: Branch Name: ++UE4+Release-4.25
LogInit: Command Line: 
LogInit: Base Directory: E:/UE_4.25/Engine/Binaries/Win64/
LogInit: Allocator: TBB
LogInit: Installed Engine Build: 1
LogDevObjectVersion: Number of dev versions registered: 26
LogDevObjectVersion:   Dev-Blueprints (B0D832E4-1F89-4F0D-ACCF-7EB736FD4AA2): 10
LogDevObjectVersion:   Dev-Build (E1C64328-A22C-4D53-A36C-8E866417BD8C): 0
LogDevObjectVersion:   Dev-Core (375EC13C-06E4-48FB-B500-84F0262A717E): 4
LogDevObjectVersion:   Dev-Editor (E4B068ED-F494-42E9-A231-DA0B2E46BB41): 38
LogDevObjectVersion:   Dev-Framework (CFFC743F-43B0-4480-9391-14DF171D2073): 37
LogDevObjectVersion:   Dev-Mobile (B02B49B5-BB20-44E9-A304-32B752E40360): 2
LogDevObjectVersion:   Dev-Networking (A4E4105C-59A1-49B5-A7C5-40C4547EDFEE): 0
LogDevObjectVersion:   Dev-Online (39C831C9-5AE6-47DC-9A44-9C173E1C8E7C): 0
LogDevObjectVersion:   Dev-Physics (78F01B33-EBEA-4F98-B9B4-84EACCB95AA2): 4
LogDevObjectVersion:   Dev-Platform (6631380F-2D4D-43E0-8009-CF276956A95A): 0
LogDevObjectVersion:   Dev-Rendering (12F88B9F-8875-4AFC-A67C-D90C383ABD29): 43
LogDevObjectVersion:   Dev-Sequencer (7B5AE74C-D270-4C10-A958-57980B212A5A): 12
LogDevObjectVersion:   Dev-VR (D7296918-1DD6-4BDD-9DE2-64A83CC13884): 3
LogDevObjectVersion:   Dev-LoadTimes (C2A15278-BFE7-4AFE-6C17-90FF531DF755): 1
LogDevObjectVersion:   Private-Geometry (6EACA3D4-40EC-4CC1-B786-8BED09428FC5): 3
LogDevObjectVersion:   Dev-AnimPhys (29E575DD-E0A3-4627-9D10-D276232CDCEA): 17
LogDevObjectVersion:   Dev-Anim (AF43A65D-7FD3-4947-9873-3E8ED9C1BB05): 7
LogDevObjectVersion:   Dev-ReflectionCapture (6B266CEC-1EC7-4B8F-A30B-E4D90942FC07): 1
LogDevObjectVersion:   Dev-Automation (0DF73D61-A23F-47EA-B727-89E90C41499A): 1
LogDevObjectVersion:   FortniteMain (601D1886-AC64-4F84-AA16-D3DE0DEAC7D6): 31
LogDevObjectVersion:   Dev-Enterprise (9DFFBCD6-494F-0158-E221-12823C92A888): 10
LogDevObjectVersion:   Dev-Niagara (F2AED0AC-9AFE-416F-8664-AA7FFA26D6FC): 1
LogDevObjectVersion:   Dev-Destruction (174F1F0B-B4C6-45A5-B13F-2EE8D0FB917D): 10
LogDevObjectVersion:   Dev-Physics-Ext (35F94A83-E258-406C-A318-09F59610247C): 37
LogDevObjectVersion:   Dev-PhysicsMaterial-Chaos (B68FC16E-8B1B-42E2-B453-215C058844FE): 1
LogDevObjectVersion:   Dev-CineCamera (B2E18506-4273-CFC2-A54E-F4BB758BBA07): 1
LogInit: Presizing for max 25165824 objects, including 0 objects not considered by GC, pre-allocating 0 bytes for permanent pool.
LogConfig: Applying CVar settings from Section [/Script/Engine.StreamingSettings] File [D:/Epic Games/UnrealProjects/UE4_FPS_Demo/FirstPersonDemo/Saved/Config/Windows/Engine.ini]
LogConfig: Setting CVar [[s.MinBulkDataSizeForAsyncLoading:131072]]
LogConfig: Setting CVar [[s.AsyncLoadingThreadEnabled:0]]
LogConfig: Setting CVar [[s.EventDrivenLoaderEnabled:1]]
LogConfig: Setting CVar [[s.WarnIfTimeLimitExceeded:0]]
LogConfig: Setting CVar [[s.TimeLimitExceededMultiplier:1.5]]
LogConfig: Setting CVar [[s.TimeLimitExceededMinTime:0.005]]
LogConfig: Setting CVar [[s.UseBackgroundLevelStreaming:1]]
LogConfig: Setting CVar [[s.PriorityAsyncLoadingExtraTime:15.0]]
LogConfig: Setting CVar [[s.LevelStreamingActorsUpdateTimeLimit:5.0]]
LogConfig: Setting CVar [[s.PriorityLevelStreamingActorsUpdateExtraTime:5.0]]
LogConfig: Setting CVar [[s.LevelStreamingComponentsRegistrationGranularity:10]]
LogConfig: Setting CVar [[s.UnregisterComponentsTimeLimit:1.0]]
LogConfig: Setting CVar [[s.LevelStreamingComponentsUnregistrationGranularity:5]]
LogConfig: Setting CVar [[s.FlushStreamingOnExit:1]]
LogInit: Object subsystem initialized
LogConfig: Setting CVar [[con.DebugEarlyDefault:1]]
LogConfig: Setting CVar [[r.setres:1280x720]]
[2021.05.27-20.02.39:422][  0]LogConfig: Setting CVar [[r.VSync:0]]
[2021.05.27-20.02.39:422][  0]LogConfig: Setting CVar [[r.RHICmdBypass:0]]
[2021.05.27-20.02.39:423][  0]LogConfig: Applying CVar settings from Section [/Script/Engine.RendererSettings] File [D:/Epic Games/UnrealProjects/UE4_FPS_Demo/FirstPersonDemo/Saved/Config/Windows/Engine.ini]
[2021.05.27-20.02.39:423][  0]LogConfig: Setting CVar [[r.GPUCrashDebugging:0]]
[2021.05.27-20.02.39:423][  0]LogConfig: Applying CVar settings from Section [/Script/Engine.RendererOverrideSettings] File [D:/Epic Games/UnrealProjects/UE4_FPS_Demo/FirstPersonDemo/Saved/Config/Windows/Engine.ini]
[2021.05.27-20.02.39:423][  0]LogConfig: Applying CVar settings from Section [/Script/Engine.StreamingSettings] File [D:/Epic Games/UnrealProjects/UE4_FPS_Demo/FirstPersonDemo/Saved/Config/Windows/Engine.ini]
[2021.05.27-20.02.39:423][  0]LogConfig: Setting CVar [[s.MinBulkDataSizeForAsyncLoading:131072]]
[2021.05.27-20.02.39:423][  0]LogConfig: Setting CVar [[s.AsyncLoadingThreadEnabled:0]]
[2021.05.27-20.02.39:423][  0]LogConfig: Setting CVar [[s.EventDrivenLoaderEnabled:1]]
[2021.05.27-20.02.39:423][  0]LogConfig: Setting CVar [[s.WarnIfTimeLimitExceeded:0]]
[2021.05.27-20.02.39:423][  0]LogConfig: Setting CVar [[s.TimeLimitExceededMultiplier:1.5]]
[2021.05.27-20.02.39:423][  0]LogConfig: Setting CVar [[s.TimeLimitExceededMinTime:0.005]]
[2021.05.27-20.02.39:423][  0]LogConfig: Setting CVar [[s.UseBackgroundLevelStreaming:1]]
[2021.05.27-20.02.39:423][  0]LogConfig: Setting CVar [[s.PriorityAsyncLoadingExtraTime:15.0]]
[2021.05.27-20.02.39:423][  0]LogConfig: Setting CVar [[s.LevelStreamingActorsUpdateTimeLimit:5.0]]
[2021.05.27-20.02.39:423][  0]LogConfig: Setting CVar [[s.PriorityLevelStreamingActorsUpdateExtraTime:5.0]]
[2021.05.27-20.02.39:423][  0]LogConfig: Setting CVar [[s.LevelStreamingComponentsRegistrationGranularity:10]]
[2021.05.27-20.02.39:423][  0]LogConfig: Setting CVar [[s.UnregisterComponentsTimeLimit:1.0]]
[2021.05.27-20.02.39:423][  0]LogConfig: Setting CVar [[s.LevelStreamingComponentsUnregistrationGranularity:5]]
[2021.05.27-20.02.39:423][  0]LogConfig: Setting CVar [[s.FlushStreamingOnExit:1]]
[2021.05.27-20.02.39:423][  0]LogConfig: Applying CVar settings from Section [/Script/Engine.GarbageCollectionSettings] File [D:/Epic Games/UnrealProjects/UE4_FPS_Demo/FirstPersonDemo/Saved/Config/Windows/Engine.ini]
[2021.05.27-20.02.39:423][  0]LogConfig: Setting CVar [[gc.MaxObjectsNotConsideredByGC:1]]
[2021.05.27-20.02.39:423][  0]LogConfig: Setting CVar [[gc.SizeOfPermanentObjectPool:0]]
[2021.05.27-20.02.39:423][  0]LogConfig: Setting CVar [[gc.FlushStreamingOnGC:0]]
[2021.05.27-20.02.39:423][  0]LogConfig: Setting CVar [[gc.NumRetriesBeforeForcingGC:10]]
[2021.05.27-20.02.39:423][  0]LogConfig: Setting CVar [[gc.AllowParallelGC:1]]
[2021.05.27-20.02.39:423][  0]LogConfig: Setting CVar [[gc.TimeBetweenPurgingPendingKillObjects:61.1]]
[2021.05.27-20.02.39:423][  0]LogConfig: Setting CVar [[gc.MaxObjectsInEditor:25165824]]
[2021.05.27-20.02.39:423][  0]LogConfig: Setting CVar [[gc.IncrementalBeginDestroyEnabled:1]]
[2021.05.27-20.02.39:423][  0]LogConfig: Setting CVar [[gc.CreateGCClusters:1]]
[2021.05.27-20.02.39:423][  0]LogConfig: Setting CVar [[gc.MinGCClusterSize:5]]
[2021.05.27-20.02.39:423][  0]LogConfig: Setting CVar [[gc.ActorClusteringEnabled:0]]
[2021.05.27-20.02.39:423][  0]LogConfig: Setting CVar [[gc.BlueprintClusteringEnabled:0]]
[2021.05.27-20.02.39:423][  0]LogConfig: Setting CVar [[gc.UseDisregardForGCOnDedicatedServers:0]]
[2021.05.27-20.02.39:423][  0]LogConfig: Applying CVar settings from Section [/Script/Engine.NetworkSettings] File [D:/Epic Games/UnrealProjects/UE4_FPS_Demo/FirstPersonDemo/Saved/Config/Windows/Engine.ini]
[2021.05.27-20.02.39:423][  0]LogConfig: Applying CVar settings from Section [/Script/UnrealEd.CookerSettings] File [D:/Epic Games/UnrealProjects/UE4_FPS_Demo/FirstPersonDemo/Saved/Config/Windows/Engine.ini]
[2021.05.27-20.02.39:426][  0]LogConfig: Applying CVar settings from Section [ViewDistanceQuality@3] File [D:/Epic Games/UnrealProjects/UE4_FPS_Demo/FirstPersonDemo/Saved/Config/Windows/Scalability.ini]
[2021.05.27-20.02.39:426][  0]LogConfig: Setting CVar [[r.SkeletalMeshLODBias:0]]
[2021.05.27-20.02.39:426][  0]LogConfig: Setting CVar [[r.ViewDistanceScale:1.0]]
[2021.05.27-20.02.39:426][  0]LogConfig: Applying CVar settings from Section [AntiAliasingQuality@3] File [D:/Epic Games/UnrealProjects/UE4_FPS_Demo/FirstPersonDemo/Saved/Config/Windows/Scalability.ini]
[2021.05.27-20.02.39:426][  0]LogConfig: Setting CVar [[r.PostProcessAAQuality:4]]
[2021.05.27-20.02.39:426][  0]LogConfig: Applying CVar settings from Section [ShadowQuality@3] File [D:/Epic Games/UnrealProjects/UE4_FPS_Demo/FirstPersonDemo/Saved/Config/Windows/Scalability.ini]
[2021.05.27-20.02.39:426][  0]LogConfig: Setting CVar [[r.LightFunctionQuality:1]]
[2021.05.27-20.02.39:426][  0]LogConfig: Setting CVar [[r.ShadowQuality:5]]
[2021.05.27-20.02.39:426][  0]LogConfig: Setting CVar [[r.Shadow.CSM.MaxCascades:10]]
[2021.05.27-20.02.39:426][  0]LogConfig: Setting CVar [[r.Shadow.MaxResolution:2048]]
[2021.05.27-20.02.39:426][  0]LogConfig: Setting CVar [[r.Shadow.MaxCSMResolution:2048]]
[2021.05.27-20.02.39:426][  0]LogConfig: Setting CVar [[r.Shadow.RadiusThreshold:0.01]]
[2021.05.27-20.02.39:426][  0]LogConfig: Setting CVar [[r.Shadow.DistanceScale:1.0]]
[2021.05.27-20.02.39:426][  0]LogConfig: Setting CVar [[r.Shadow.CSM.TransitionScale:1.0]]
[2021.05.27-20.02.39:426][  0]LogConfig: Setting CVar [[r.Shadow.PreShadowResolutionFactor:1.0]]
[2021.05.27-20.02.39:426][  0]LogConfig: Setting CVar [[r.DistanceFieldShadowing:1]]
[2021.05.27-20.02.39:426][  0]LogConfig: Setting CVar [[r.DistanceFieldAO:1]]
[2021.05.27-20.02.39:426][  0]LogConfig: Setting CVar [[r.AOQuality:2]]
[2021.05.27-20.02.39:426][  0]LogConfig: Setting CVar [[r.VolumetricFog:1]]
[2021.05.27-20.02.39:426][  0]LogConfig: Setting CVar [[r.VolumetricFog.GridPixelSize:8]]
[2021.05.27-20.02.39:426][  0]LogConfig: Setting CVar [[r.VolumetricFog.GridSizeZ:128]]
[2021.05.27-20.02.39:426][  0]LogConfig: Setting CVar [[r.VolumetricFog.HistoryMissSupersampleCount:4]]
[2021.05.27-20.02.39:426][  0]LogConfig: Setting CVar [[r.LightMaxDrawDistanceScale:1]]
[2021.05.27-20.02.39:426][  0]LogConfig: Setting CVar [[r.CapsuleShadows:1]]
[2021.05.27-20.02.39:426][  0]LogConfig: Applying CVar settings from Section [PostProcessQuality@3] File [D:/Epic Games/UnrealProjects/UE4_FPS_Demo/FirstPersonDemo/Saved/Config/Windows/Scalability.ini]
[2021.05.27-20.02.39:426][  0]LogConfig: Setting CVar [[r.MotionBlurQuality:4]]
[2021.05.27-20.02.39:426][  0]LogConfig: Setting CVar [[r.AmbientOcclusionMipLevelFactor:0.4]]
[2021.05.27-20.02.39:426][  0]LogConfig: Setting CVar [[r.AmbientOcclusionMaxQuality:100]]
[2021.05.27-20.02.39:426][  0]LogConfig: Setting CVar [[r.AmbientOcclusionLevels:-1]]
[2021.05.27-20.02.39:426][  0]LogConfig: Setting CVar [[r.AmbientOcclusionRadiusScale:1.0]]
[2021.05.27-20.02.39:426][  0]LogConfig: Setting CVar [[r.DepthOfFieldQuality:2]]
[2021.05.27-20.02.39:426][  0]LogConfig: Setting CVar [[r.RenderTargetPoolMin:400]]
[2021.05.27-20.02.39:426][  0]LogConfig: Setting CVar [[r.LensFlareQuality:2]]
[2021.05.27-20.02.39:426][  0]LogConfig: Setting CVar [[r.SceneColorFringeQuality:1]]
[2021.05.27-20.02.39:426][  0]LogConfig: Setting CVar [[r.EyeAdaptationQuality:2]]
[2021.05.27-20.02.39:426][  0]LogConfig: Setting CVar [[r.BloomQuality:5]]
[2021.05.27-20.02.39:426][  0]LogConfig: Setting CVar [[r.FastBlurThreshold:100]]
[2021.05.27-20.02.39:426][  0]LogConfig: Setting CVar [[r.Upscale.Quality:3]]
[2021.05.27-20.02.39:426][  0]LogConfig: Setting CVar [[r.Tonemapper.GrainQuantization:1]]
[2021.05.27-20.02.39:426][  0]LogConfig: Setting CVar [[r.LightShaftQuality:1]]
[2021.05.27-20.02.39:426][  0]LogConfig: Setting CVar [[r.Filter.SizeScale:1]]
[2021.05.27-20.02.39:426][  0]LogConfig: Setting CVar [[r.Tonemapper.Quality:5]]
[2021.05.27-20.02.39:426][  0]LogConfig: Setting CVar [[r.DOF.Gather.AccumulatorQuality:1        ; higher gathering accumulator quality]]
[2021.05.27-20.02.39:426][  0]LogConfig: Setting CVar [[r.DOF.Gather.PostfilterMethod:1          ; Median3x3 postfilering method]]
[2021.05.27-20.02.39:426][  0]LogConfig: Setting CVar [[r.DOF.Gather.EnableBokehSettings:0       ; no bokeh simulation when gathering]]
[2021.05.27-20.02.39:426][  0]LogConfig: Setting CVar [[r.DOF.Gather.RingCount:4                 ; medium number of samples when gathering]]
[2021.05.27-20.02.39:426][  0]LogConfig: Setting CVar [[r.DOF.Scatter.ForegroundCompositing:1    ; additive foreground scattering]]
[2021.05.27-20.02.39:426][  0]LogConfig: Setting CVar [[r.DOF.Scatter.BackgroundCompositing:2    ; additive background scattering]]
[2021.05.27-20.02.39:426][  0]LogConfig: Setting CVar [[r.DOF.Scatter.EnableBokehSettings:1      ; bokeh simulation when scattering]]
[2021.05.27-20.02.39:426][  0]LogConfig: Setting CVar [[r.DOF.Scatter.MaxSpriteRatio:0.1         ; only a maximum of 10% of scattered bokeh]]
[2021.05.27-20.02.39:426][  0]LogConfig: Setting CVar [[r.DOF.Recombine.Quality:1                ; cheap slight out of focus]]
[2021.05.27-20.02.39:426][  0]LogConfig: Setting CVar [[r.DOF.Recombine.EnableBokehSettings:0    ; no bokeh simulation on slight out of focus]]
[2021.05.27-20.02.39:426][  0]LogConfig: Setting CVar [[r.DOF.TemporalAAQuality:1                ; more stable temporal accumulation]]
[2021.05.27-20.02.39:426][  0]LogConfig: Setting CVar [[r.DOF.Kernel.MaxForegroundRadius:0.025]]
[2021.05.27-20.02.39:426][  0]LogConfig: Setting CVar [[r.DOF.Kernel.MaxBackgroundRadius:0.025]]
[2021.05.27-20.02.39:426][  0]LogConfig: Applying CVar settings from Section [TextureQuality@3] File [D:/Epic Games/UnrealProjects/UE4_FPS_Demo/FirstPersonDemo/Saved/Config/Windows/Scalability.ini]
[2021.05.27-20.02.39:426][  0]LogConfig: Setting CVar [[r.Streaming.MipBias:0]]
[2021.05.27-20.02.39:426][  0]LogConfig: Setting CVar [[r.Streaming.AmortizeCPUToGPUCopy:0]]
[2021.05.27-20.02.39:426][  0]LogConfig: Setting CVar [[r.Streaming.MaxNumTexturesToStreamPerFrame:0]]
[2021.05.27-20.02.39:427][  0]LogConfig: Setting CVar [[r.Streaming.Boost:1]]
[2021.05.27-20.02.39:427][  0]LogConfig: Setting CVar [[r.MaxAnisotropy:8]]
[2021.05.27-20.02.39:427][  0]LogConfig: Setting CVar [[r.VT.MaxAnisotropy:8]]
[2021.05.27-20.02.39:427][  0]LogConfig: Setting CVar [[r.Streaming.LimitPoolSizeToVRAM:0]]
[2021.05.27-20.02.39:427][  0]LogConfig: Setting CVar [[r.Streaming.PoolSize:1000]]
[2021.05.27-20.02.39:427][  0]LogConfig: Setting CVar [[r.Streaming.MaxEffectiveScreenSize:0]]
[2021.05.27-20.02.39:427][  0]LogConfig: Applying CVar settings from Section [EffectsQuality@3] File [D:/Epic Games/UnrealProjects/UE4_FPS_Demo/FirstPersonDemo/Saved/Config/Windows/Scalability.ini]
[2021.05.27-20.02.39:427][  0]LogConfig: Setting CVar [[r.TranslucencyLightingVolumeDim:64]]
[2021.05.27-20.02.39:427][  0]LogConfig: Setting CVar [[r.RefractionQuality:2]]
[2021.05.27-20.02.39:427][  0]LogConfig: Setting CVar [[r.SSR.Quality:3]]
[2021.05.27-20.02.39:427][  0]LogConfig: Setting CVar [[r.SSR.HalfResSceneColor:0]]
[2021.05.27-20.02.39:427][  0]LogConfig: Setting CVar [[r.SceneColorFormat:4]]
[2021.05.27-20.02.39:427][  0]LogConfig: Setting CVar [[r.DetailMode:2]]
[2021.05.27-20.02.39:427][  0]LogConfig: Setting CVar [[r.TranslucencyVolumeBlur:1]]
[2021.05.27-20.02.39:427][  0]LogConfig: Setting CVar [[r.MaterialQualityLevel:1 ; High quality]]
[2021.05.27-20.02.39:427][  0]LogConfig: Setting CVar [[r.SSS.Scale:1]]
[2021.05.27-20.02.39:427][  0]LogConfig: Setting CVar [[r.SSS.SampleSet:2]]
[2021.05.27-20.02.39:427][  0]LogConfig: Setting CVar [[r.SSS.Quality:1]]
[2021.05.27-20.02.39:427][  0]LogConfig: Setting CVar [[r.SSS.HalfRes:0]]
[2021.05.27-20.02.39:427][  0]LogConfig: Setting CVar [[r.SSGI.Quality:3]]
[2021.05.27-20.02.39:427][  0]LogConfig: Setting CVar [[r.EmitterSpawnRateScale:1.0]]
[2021.05.27-20.02.39:427][  0]LogConfig: Setting CVar [[r.ParticleLightQuality:2]]
[2021.05.27-20.02.39:427][  0]LogConfig: Setting CVar [[r.SkyAtmosphere.AerialPerspectiveLUT.FastApplyOnOpaque:1 ; Always have FastSkyLUT 1 in this case to avoid wrong sky]]
[2021.05.27-20.02.39:427][  0]LogConfig: Setting CVar [[r.SkyAtmosphere.AerialPerspectiveLUT.SampleCountPerSlice:1]]
[2021.05.27-20.02.39:427][  0]LogConfig: Setting CVar [[r.SkyAtmosphere.AerialPerspectiveLUT.DepthResolution:16.0]]
[2021.05.27-20.02.39:427][  0]LogConfig: Setting CVar [[r.SkyAtmosphere.FastSkyLUT:1]]
[2021.05.27-20.02.39:427][  0]LogConfig: Setting CVar [[r.SkyAtmosphere.FastSkyLUT.SampleCountMin:4.0]]
[2021.05.27-20.02.39:427][  0]LogConfig: Setting CVar [[r.SkyAtmosphere.FastSkyLUT.SampleCountMax:32.0]]
[2021.05.27-20.02.39:427][  0]LogConfig: Setting CVar [[r.SkyAtmosphere.SampleCountMin:4.0]]
[2021.05.27-20.02.39:427][  0]LogConfig: Setting CVar [[r.SkyAtmosphere.SampleCountMax:32.0]]
[2021.05.27-20.02.39:427][  0]LogConfig: Setting CVar [[r.SkyAtmosphere.TransmittanceLUT.UseSmallFormat:0]]
[2021.05.27-20.02.39:427][  0]LogConfig: Setting CVar [[r.SkyAtmosphere.TransmittanceLUT.SampleCount:10.0]]
[2021.05.27-20.02.39:427][  0]LogConfig: Setting CVar [[r.SkyAtmosphere.MultiScatteringLUT.SampleCount:15.0]]
[2021.05.27-20.02.39:427][  0]LogConfig: Applying CVar settings from Section [FoliageQuality@3] File [D:/Epic Games/UnrealProjects/UE4_FPS_Demo/FirstPersonDemo/Saved/Config/Windows/Scalability.ini]
[2021.05.27-20.02.39:427][  0]LogConfig: Setting CVar [[foliage.DensityScale:1.0]]
[2021.05.27-20.02.39:427][  0]LogConfig: Setting CVar [[grass.DensityScale:1.0]]
[2021.05.27-20.02.39:427][  0]LogConfig: Applying CVar settings from Section [ShadingQuality@3] File [D:/Epic Games/UnrealProjects/UE4_FPS_Demo/FirstPersonDemo/Saved/Config/Windows/Scalability.ini]
[2021.05.27-20.02.39:427][  0]LogConfig: Setting CVar [[r.HairStrands.SkyLighting.SampleCount:16]]
[2021.05.27-20.02.39:427][  0]LogConfig: Setting CVar [[r.HairStrands.SkyLighting.JitterIntegration:0]]
[2021.05.27-20.02.39:427][  0]LogConfig: Setting CVar [[r.HairStrands.SkyAO.SampleCount:16]]
[2021.05.27-20.02.39:427][  0]LogConfig: Setting CVar [[r.HairStrands.DeepShadow.SuperSampling:0]]
[2021.05.27-20.02.39:427][  0]LogConfig: Setting CVar [[r.HairStrands.VisibilityPPLL:0]]
[2021.05.27-20.02.39:427][  0]LogConfig: Setting CVar [[r.HairStrands.RasterizationScale:0.5]]
[2021.05.27-20.02.39:427][  0]LogConfig: Setting CVar [[r.HairStrands.VelocityRasterizationScale:1]]
[2021.05.27-20.02.39:427][  0]LogInit: Selected Device Profile: [Windows]
[2021.05.27-20.02.39:427][  0]LogInit: Applying CVar settings loaded from the selected device profile: [Windows]
[2021.05.27-20.02.39:427][  0]LogHAL: Display: Platform has ~ 16 GB [17044414464 / 17179869184 / 16], which maps to Larger [LargestMinGB=32, LargerMinGB=12, DefaultMinGB=8, SmallerMinGB=6, SmallestMinGB=0)
[2021.05.27-20.02.39:427][  0]LogInit: Going up to parent DeviceProfile []
[2021.05.27-20.02.39:427][  0]LogConfig: Applying CVar settings from Section [ViewDistanceQuality@3] File [D:/Epic Games/UnrealProjects/UE4_FPS_Demo/FirstPersonDemo/Saved/Config/Windows/Scalability.ini]
[2021.05.27-20.02.39:427][  0]LogConfig: Setting CVar [[r.SkeletalMeshLODBias:0]]
[2021.05.27-20.02.39:427][  0]LogConfig: Setting CVar [[r.ViewDistanceScale:1.0]]
[2021.05.27-20.02.39:427][  0]LogConfig: Applying CVar settings from Section [AntiAliasingQuality@3] File [D:/Epic Games/UnrealProjects/UE4_FPS_Demo/FirstPersonDemo/Saved/Config/Windows/Scalability.ini]
[2021.05.27-20.02.39:427][  0]LogConfig: Setting CVar [[r.PostProcessAAQuality:4]]
[2021.05.27-20.02.39:427][  0]LogConfig: Applying CVar settings from Section [ShadowQuality@3] File [D:/Epic Games/UnrealProjects/UE4_FPS_Demo/FirstPersonDemo/Saved/Config/Windows/Scalability.ini]
[2021.05.27-20.02.39:427][  0]LogConfig: Setting CVar [[r.LightFunctionQuality:1]]
[2021.05.27-20.02.39:427][  0]LogConfig: Setting CVar [[r.ShadowQuality:5]]
[2021.05.27-20.02.39:427][  0]LogConfig: Setting CVar [[r.Shadow.CSM.MaxCascades:10]]
[2021.05.27-20.02.39:427][  0]LogConfig: Setting CVar [[r.Shadow.MaxResolution:2048]]
[2021.05.27-20.02.39:427][  0]LogConfig: Setting CVar [[r.Shadow.MaxCSMResolution:2048]]
[2021.05.27-20.02.39:427][  0]LogConfig: Setting CVar [[r.Shadow.RadiusThreshold:0.01]]
[2021.05.27-20.02.39:427][  0]LogConfig: Setting CVar [[r.Shadow.DistanceScale:1.0]]
[2021.05.27-20.02.39:427][  0]LogConfig: Setting CVar [[r.Shadow.CSM.TransitionScale:1.0]]
[2021.05.27-20.02.39:427][  0]LogConfig: Setting CVar [[r.Shadow.PreShadowResolutionFactor:1.0]]
[2021.05.27-20.02.39:427][  0]LogConfig: Setting CVar [[r.DistanceFieldShadowing:1]]
[2021.05.27-20.02.39:427][  0]LogConfig: Setting CVar [[r.DistanceFieldAO:1]]
[2021.05.27-20.02.39:427][  0]LogConfig: Setting CVar [[r.AOQuality:2]]
[2021.05.27-20.02.39:427][  0]LogConfig: Setting CVar [[r.VolumetricFog:1]]
[2021.05.27-20.02.39:427][  0]LogConfig: Setting CVar [[r.VolumetricFog.GridPixelSize:8]]
[2021.05.27-20.02.39:427][  0]LogConfig: Setting CVar [[r.VolumetricFog.GridSizeZ:128]]
[2021.05.27-20.02.39:427][  0]LogConfig: Setting CVar [[r.VolumetricFog.HistoryMissSupersampleCount:4]]
[2021.05.27-20.02.39:427][  0]LogConfig: Setting CVar [[r.LightMaxDrawDistanceScale:1]]
[2021.05.27-20.02.39:427][  0]LogConfig: Setting CVar [[r.CapsuleShadows:1]]
[2021.05.27-20.02.39:427][  0]LogConfig: Applying CVar settings from Section [PostProcessQuality@3] File [D:/Epic Games/UnrealProjects/UE4_FPS_Demo/FirstPersonDemo/Saved/Config/Windows/Scalability.ini]
[2021.05.27-20.02.39:427][  0]LogConfig: Setting CVar [[r.MotionBlurQuality:4]]
[2021.05.27-20.02.39:427][  0]LogConfig: Setting CVar [[r.AmbientOcclusionMipLevelFactor:0.4]]
[2021.05.27-20.02.39:427][  0]LogConfig: Setting CVar [[r.AmbientOcclusionMaxQuality:100]]
[2021.05.27-20.02.39:427][  0]LogConfig: Setting CVar [[r.AmbientOcclusionLevels:-1]]
[2021.05.27-20.02.39:428][  0]LogConfig: Setting CVar [[r.AmbientOcclusionRadiusScale:1.0]]
[2021.05.27-20.02.39:428][  0]LogConfig: Setting CVar [[r.DepthOfFieldQuality:2]]
[2021.05.27-20.02.39:428][  0]LogConfig: Setting CVar [[r.RenderTargetPoolMin:400]]
[2021.05.27-20.02.39:428][  0]LogConfig: Setting CVar [[r.LensFlareQuality:2]]
[2021.05.27-20.02.39:428][  0]LogConfig: Setting CVar [[r.SceneColorFringeQuality:1]]
[2021.05.27-20.02.39:428][  0]LogConfig: Setting CVar [[r.EyeAdaptationQuality:2]]
[2021.05.27-20.02.39:428][  0]LogConfig: Setting CVar [[r.BloomQuality:5]]
[2021.05.27-20.02.39:428][  0]LogConfig: Setting CVar [[r.FastBlurThreshold:100]]
[2021.05.27-20.02.39:428][  0]LogConfig: Setting CVar [[r.Upscale.Quality:3]]
[2021.05.27-20.02.39:428][  0]LogConfig: Setting CVar [[r.Tonemapper.GrainQuantization:1]]
[2021.05.27-20.02.39:428][  0]LogConfig: Setting CVar [[r.LightShaftQuality:1]]
[2021.05.27-20.02.39:428][  0]LogConfig: Setting CVar [[r.Filter.SizeScale:1]]
[2021.05.27-20.02.39:428][  0]LogConfig: Setting CVar [[r.Tonemapper.Quality:5]]
[2021.05.27-20.02.39:428][  0]LogConfig: Setting CVar [[r.DOF.Gather.AccumulatorQuality:1        ; higher gathering accumulator quality]]
[2021.05.27-20.02.39:428][  0]LogConfig: Setting CVar [[r.DOF.Gather.PostfilterMethod:1          ; Median3x3 postfilering method]]
[2021.05.27-20.02.39:428][  0]LogConfig: Setting CVar [[r.DOF.Gather.EnableBokehSettings:0       ; no bokeh simulation when gathering]]
[2021.05.27-20.02.39:428][  0]LogConfig: Setting CVar [[r.DOF.Gather.RingCount:4                 ; medium number of samples when gathering]]
[2021.05.27-20.02.39:428][  0]LogConfig: Setting CVar [[r.DOF.Scatter.ForegroundCompositing:1    ; additive foreground scattering]]
[2021.05.27-20.02.39:428][  0]LogConfig: Setting CVar [[r.DOF.Scatter.BackgroundCompositing:2    ; additive background scattering]]
[2021.05.27-20.02.39:428][  0]LogConfig: Setting CVar [[r.DOF.Scatter.EnableBokehSettings:1      ; bokeh simulation when scattering]]
[2021.05.27-20.02.39:428][  0]LogConfig: Setting CVar [[r.DOF.Scatter.MaxSpriteRatio:0.1         ; only a maximum of 10% of scattered bokeh]]
[2021.05.27-20.02.39:428][  0]LogConfig: Setting CVar [[r.DOF.Recombine.Quality:1                ; cheap slight out of focus]]
[2021.05.27-20.02.39:428][  0]LogConfig: Setting CVar [[r.DOF.Recombine.EnableBokehSettings:0    ; no bokeh simulation on slight out of focus]]
[2021.05.27-20.02.39:428][  0]LogConfig: Setting CVar [[r.DOF.TemporalAAQuality:1                ; more stable temporal accumulation]]
[2021.05.27-20.02.39:428][  0]LogConfig: Setting CVar [[r.DOF.Kernel.MaxForegroundRadius:0.025]]
[2021.05.27-20.02.39:428][  0]LogConfig: Setting CVar [[r.DOF.Kernel.MaxBackgroundRadius:0.025]]
[2021.05.27-20.02.39:428][  0]LogConfig: Applying CVar settings from Section [TextureQuality@3] File [D:/Epic Games/UnrealProjects/UE4_FPS_Demo/FirstPersonDemo/Saved/Config/Windows/Scalability.ini]
[2021.05.27-20.02.39:428][  0]LogConfig: Setting CVar [[r.Streaming.MipBias:0]]
[2021.05.27-20.02.39:428][  0]LogConfig: Setting CVar [[r.Streaming.AmortizeCPUToGPUCopy:0]]
[2021.05.27-20.02.39:428][  0]LogConfig: Setting CVar [[r.Streaming.MaxNumTexturesToStreamPerFrame:0]]
[2021.05.27-20.02.39:428][  0]LogConfig: Setting CVar [[r.Streaming.Boost:1]]
[2021.05.27-20.02.39:428][  0]LogConfig: Setting CVar [[r.MaxAnisotropy:8]]
[2021.05.27-20.02.39:428][  0]LogConfig: Setting CVar [[r.VT.MaxAnisotropy:8]]
[2021.05.27-20.02.39:428][  0]LogConfig: Setting CVar [[r.Streaming.LimitPoolSizeToVRAM:0]]
[2021.05.27-20.02.39:428][  0]LogConfig: Setting CVar [[r.Streaming.PoolSize:1000]]
[2021.05.27-20.02.39:428][  0]LogConfig: Setting CVar [[r.Streaming.MaxEffectiveScreenSize:0]]
[2021.05.27-20.02.39:428][  0]LogConfig: Applying CVar settings from Section [EffectsQuality@3] File [D:/Epic Games/UnrealProjects/UE4_FPS_Demo/FirstPersonDemo/Saved/Config/Windows/Scalability.ini]
[2021.05.27-20.02.39:428][  0]LogConfig: Setting CVar [[r.TranslucencyLightingVolumeDim:64]]
[2021.05.27-20.02.39:428][  0]LogConfig: Setting CVar [[r.RefractionQuality:2]]
[2021.05.27-20.02.39:428][  0]LogConfig: Setting CVar [[r.SSR.Quality:3]]
[2021.05.27-20.02.39:428][  0]LogConfig: Setting CVar [[r.SSR.HalfResSceneColor:0]]
[2021.05.27-20.02.39:428][  0]LogConfig: Setting CVar [[r.SceneColorFormat:4]]
[2021.05.27-20.02.39:428][  0]LogConfig: Setting CVar [[r.DetailMode:2]]
[2021.05.27-20.02.39:428][  0]LogConfig: Setting CVar [[r.TranslucencyVolumeBlur:1]]
[2021.05.27-20.02.39:428][  0]LogConfig: Setting CVar [[r.MaterialQualityLevel:1 ; High quality]]
[2021.05.27-20.02.39:428][  0]LogConfig: Setting CVar [[r.SSS.Scale:1]]
[2021.05.27-20.02.39:428][  0]LogConfig: Setting CVar [[r.SSS.SampleSet:2]]
[2021.05.27-20.02.39:428][  0]LogConfig: Setting CVar [[r.SSS.Quality:1]]
[2021.05.27-20.02.39:428][  0]LogConfig: Setting CVar [[r.SSS.HalfRes:0]]
[2021.05.27-20.02.39:428][  0]LogConfig: Setting CVar [[r.SSGI.Quality:3]]
[2021.05.27-20.02.39:428][  0]LogConfig: Setting CVar [[r.EmitterSpawnRateScale:1.0]]
[2021.05.27-20.02.39:428][  0]LogConfig: Setting CVar [[r.ParticleLightQuality:2]]
[2021.05.27-20.02.39:428][  0]LogConfig: Setting CVar [[r.SkyAtmosphere.AerialPerspectiveLUT.FastApplyOnOpaque:1 ; Always have FastSkyLUT 1 in this case to avoid wrong sky]]
[2021.05.27-20.02.39:428][  0]LogConfig: Setting CVar [[r.SkyAtmosphere.AerialPerspectiveLUT.SampleCountPerSlice:1]]
[2021.05.27-20.02.39:428][  0]LogConfig: Setting CVar [[r.SkyAtmosphere.AerialPerspectiveLUT.DepthResolution:16.0]]
[2021.05.27-20.02.39:428][  0]LogConfig: Setting CVar [[r.SkyAtmosphere.FastSkyLUT:1]]
[2021.05.27-20.02.39:428][  0]LogConfig: Setting CVar [[r.SkyAtmosphere.FastSkyLUT.SampleCountMin:4.0]]
[2021.05.27-20.02.39:428][  0]LogConfig: Setting CVar [[r.SkyAtmosphere.FastSkyLUT.SampleCountMax:32.0]]
[2021.05.27-20.02.39:428][  0]LogConfig: Setting CVar [[r.SkyAtmosphere.SampleCountMin:4.0]]
[2021.05.27-20.02.39:428][  0]LogConfig: Setting CVar [[r.SkyAtmosphere.SampleCountMax:32.0]]
[2021.05.27-20.02.39:428][  0]LogConfig: Setting CVar [[r.SkyAtmosphere.TransmittanceLUT.UseSmallFormat:0]]
[2021.05.27-20.02.39:428][  0]LogConfig: Setting CVar [[r.SkyAtmosphere.TransmittanceLUT.SampleCount:10.0]]
[2021.05.27-20.02.39:428][  0]LogConfig: Setting CVar [[r.SkyAtmosphere.MultiScatteringLUT.SampleCount:15.0]]
[2021.05.27-20.02.39:428][  0]LogConfig: Applying CVar settings from Section [FoliageQuality@3] File [D:/Epic Games/UnrealProjects/UE4_FPS_Demo/FirstPersonDemo/Saved/Config/Windows/Scalability.ini]
[2021.05.27-20.02.39:428][  0]LogConfig: Setting CVar [[foliage.DensityScale:1.0]]
[2021.05.27-20.02.39:428][  0]LogConfig: Setting CVar [[grass.DensityScale:1.0]]
[2021.05.27-20.02.39:428][  0]LogConfig: Applying CVar settings from Section [ShadingQuality@3] File [D:/Epic Games/UnrealProjects/UE4_FPS_Demo/FirstPersonDemo/Saved/Config/Windows/Scalability.ini]
[2021.05.27-20.02.39:428][  0]LogConfig: Setting CVar [[r.HairStrands.SkyLighting.SampleCount:16]]
[2021.05.27-20.02.39:428][  0]LogConfig: Setting CVar [[r.HairStrands.SkyLighting.JitterIntegration:0]]
[2021.05.27-20.02.39:428][  0]LogConfig: Setting CVar [[r.HairStrands.SkyAO.SampleCount:16]]
[2021.05.27-20.02.39:428][  0]LogConfig: Setting CVar [[r.HairStrands.DeepShadow.SuperSampling:0]]
[2021.05.27-20.02.39:428][  0]LogConfig: Setting CVar [[r.HairStrands.VisibilityPPLL:0]]
[2021.05.27-20.02.39:428][  0]LogConfig: Setting CVar [[r.HairStrands.RasterizationScale:0.5]]
[2021.05.27-20.02.39:428][  0]LogConfig: Setting CVar [[r.HairStrands.VelocityRasterizationScale:1]]
[2021.05.27-20.02.39:428][  0]LogConfig: Applying CVar settings from Section [Startup] File [../../../Engine/Config/ConsoleVariables.ini]
[2021.05.27-20.02.39:429][  0]LogConfig: Setting CVar [[net.UseAdaptiveNetUpdateFrequency:0]]
[2021.05.27-20.02.39:429][  0]LogConfig: Setting CVar [[p.chaos.AllowCreatePhysxBodies:1]]
[2021.05.27-20.02.39:429][  0]LogConfig: Setting CVar [[fx.SkipVectorVMBackendOptimizations:1]]
[2021.05.27-20.02.39:429][  0]LogConfig: Applying CVar settings from Section [ConsoleVariables] File [D:/Epic Games/UnrealProjects/UE4_FPS_Demo/FirstPersonDemo/Saved/Config/Windows/Engine.ini]
[2021.05.27-20.02.39:429][  0]LogInit: Computer: LAPTOPCYBERPOWE
[2021.05.27-20.02.39:429][  0]LogInit: User: SamHirsch
[2021.05.27-20.02.39:429][  0]LogInit: CPU Page size=4096, Cores=6
[2021.05.27-20.02.39:429][  0]LogInit: High frequency timer resolution =10.000000 MHz
[2021.05.27-20.02.39:429][  0]LogMemory: Memory total: Physical=15.9GB (16GB approx)
[2021.05.27-20.02.39:429][  0]LogMemory: Platform Memory Stats for Windows
[2021.05.27-20.02.39:429][  0]LogMemory: Process Physical Memory: 116.54 MB used, 116.55 MB peak
[2021.05.27-20.02.39:429][  0]LogMemory: Process Virtual Memory: 105.57 MB used, 105.57 MB peak
[2021.05.27-20.02.39:429][  0]LogMemory: Physical Memory: 12430.96 MB used,  3823.86 MB free, 16254.82 MB total
[2021.05.27-20.02.39:429][  0]LogMemory: Virtual Memory: 5171.84 MB used,  134212560.00 MB free, 134217728.00 MB total
[2021.05.27-20.02.39:436][  0]LogWindows: WindowsPlatformFeatures enabled
[2021.05.27-20.02.39:514][  0]LogInit: Physics initialised using underlying interface: PhysX
[2021.05.27-20.02.39:515][  0]LogInit: Using OS detected language (en-US).
[2021.05.27-20.02.39:515][  0]LogInit: Using OS detected locale (en-US).
[2021.05.27-20.02.39:732][  0]LogTextLocalizationManager: No specific localization for 'en-US' exists, so the 'en' localization will be used.
[2021.05.27-20.02.40:541][  0]LogInit: Setting process to per monitor DPI aware
[2021.05.27-20.02.40:722][  0]LogSlate: New Slate User Created.  User Index 0, Is Virtual User: 0
[2021.05.27-20.02.40:722][  0]LogSlate: Slate User Registered.  User Index 0, Is Virtual User: 0
[2021.05.27-20.02.44:350][  0]LogD3D11RHI: D3D11 min allowed feature level: 11_0
[2021.05.27-20.02.44:350][  0]LogD3D11RHI: D3D11 max allowed feature level: 11_0
[2021.05.27-20.02.44:350][  0]LogD3D11RHI: D3D11 adapters:
[2021.05.27-20.02.44:460][  0]LogD3D11RHI:    0. 'NVIDIA GeForce GTX 1060' (Feature Level 11_0)
[2021.05.27-20.02.44:460][  0]LogD3D11RHI:       6052/0/8127 MB DedicatedVideo/DedicatedSystem/SharedSystem, Outputs:1, VendorId:0x10de
[2021.05.27-20.02.44:656][  0]LogD3D11RHI:    1. 'Intel(R) UHD Graphics 630' (Feature Level 11_0)
[2021.05.27-20.02.44:656][  0]LogD3D11RHI:       128/0/8127 MB DedicatedVideo/DedicatedSystem/SharedSystem, Outputs:1, VendorId:0x8086
[2021.05.27-20.02.44:666][  0]LogD3D11RHI:    2. 'Microsoft Basic Render Driver' (Feature Level 11_0)
[2021.05.27-20.02.44:666][  0]LogD3D11RHI:       0/0/8127 MB DedicatedVideo/DedicatedSystem/SharedSystem, Outputs:0, VendorId:0x1414
[2021.05.27-20.02.44:666][  0]LogD3D11RHI: Chosen D3D11 Adapter: 0
[2021.05.27-20.02.44:674][  0]LogD3D11RHI: Creating new Direct3DDevice
[2021.05.27-20.02.44:674][  0]LogD3D11RHI:     GPU DeviceId: 0x1c20 (for the marketing name, search the web for "GPU Device Id")
[2021.05.27-20.02.44:674][  0]LogWindows: EnumDisplayDevices:
[2021.05.27-20.02.44:674][  0]LogWindows:    0. 'Intel(R) UHD Graphics 630' (P:0 D:1)
[2021.05.27-20.02.44:675][  0]LogWindows:    1. 'Intel(R) UHD Graphics 630' (P:0 D:0)
[2021.05.27-20.02.44:675][  0]LogWindows:    2. 'Intel(R) UHD Graphics 630' (P:0 D:0)
[2021.05.27-20.02.44:675][  0]LogWindows:    3. 'NVIDIA GeForce GTX 1060' (P:1 D:1)
[2021.05.27-20.02.44:676][  0]LogWindows: DebugString: PrimaryIsNotTheChoosenAdapter PrimaryIsNotTheChoosenAdapter PrimaryIsNotTheChoosenAdapter 
[2021.05.27-20.02.44:676][  0]LogD3D11RHI:     Adapter Name: NVIDIA GeForce GTX 1060
[2021.05.27-20.02.44:676][  0]LogD3D11RHI:   Driver Version: 466.47 (internal:27.21.14.6647, unified:466.47)
[2021.05.27-20.02.44:676][  0]LogD3D11RHI:      Driver Date: 5-13-2021
[2021.05.27-20.02.44:676][  0]LogRHI: Texture pool is 4236 MB (70% of 6052 MB)
[2021.05.27-20.02.44:758][  0]LogD3D11RHI: RHI has support for 64 bit atomics
[2021.05.27-20.02.44:758][  0]LogD3D11RHI: Async texture creation enabled
[2021.05.27-20.02.44:758][  0]LogD3D11RHI: Array index from any shader is supported
[2021.05.27-20.02.44:797][  0]LogD3D11RHI: GPU Timing Frequency: 1000.000000 (Debug: 2 1)
[2021.05.27-20.02.45:153][  0]LogTargetPlatformManager: Display: Loaded TargetPlatform 'AllDesktop'
[2021.05.27-20.02.45:174][  0]LogTargetPlatformManager: Display: Loaded TargetPlatform 'Android'
[2021.05.27-20.02.45:174][  0]LogTargetPlatformManager: Display: Loaded TargetPlatform 'Android_ASTC'
[2021.05.27-20.02.45:174][  0]LogTargetPlatformManager: Display: Loaded TargetPlatform 'Android_DXT'
[2021.05.27-20.02.45:174][  0]LogTargetPlatformManager: Display: Loaded TargetPlatform 'Android_ETC2'
[2021.05.27-20.02.45:174][  0]LogTargetPlatformManager: Display: Loaded TargetPlatform 'AndroidClient'
[2021.05.27-20.02.45:174][  0]LogTargetPlatformManager: Display: Loaded TargetPlatform 'Android_ASTCClient'
[2021.05.27-20.02.45:174][  0]LogTargetPlatformManager: Display: Loaded TargetPlatform 'Android_DXTClient'
[2021.05.27-20.02.45:174][  0]LogTargetPlatformManager: Display: Loaded TargetPlatform 'Android_ETC2Client'
[2021.05.27-20.02.45:174][  0]LogTargetPlatformManager: Display: Loaded TargetPlatform 'Android_Multi'
[2021.05.27-20.02.45:174][  0]LogTargetPlatformManager: Display: Loaded TargetPlatform 'Android_MultiClient'
[2021.05.27-20.02.45:297][  0]LogTargetPlatformManager: Display: Loaded TargetPlatform 'IOSClient'
[2021.05.27-20.02.45:297][  0]LogTargetPlatformManager: Display: Loaded TargetPlatform 'IOS'
[2021.05.27-20.02.45:319][  0]LogTargetPlatformManager: Display: Loaded TargetPlatform 'Linux'
[2021.05.27-20.02.45:329][  0]LogTargetPlatformManager: Display: Loaded TargetPlatform 'LinuxNoEditor'
[2021.05.27-20.02.45:339][  0]LogTargetPlatformManager: Display: Loaded TargetPlatform 'LinuxClient'
[2021.05.27-20.02.45:347][  0]LogTargetPlatformManager: Display: Loaded TargetPlatform 'LinuxServer'
[2021.05.27-20.02.45:357][  0]LogTargetPlatformManager: Display: Loaded TargetPlatform 'LinuxAArch64NoEditor'
[2021.05.27-20.02.45:366][  0]LogTargetPlatformManager: Display: Loaded TargetPlatform 'LinuxAArch64Client'
[2021.05.27-20.02.45:374][  0]LogTargetPlatformManager: Display: Loaded TargetPlatform 'LinuxAArch64Server'
[2021.05.27-20.02.45:407][  0]LogTargetPlatformManager: Display: Loaded TargetPlatform 'Lumin'
[2021.05.27-20.02.45:407][  0]LogTargetPlatformManager: Display: Loaded TargetPlatform 'LuminClient'
[2021.05.27-20.02.45:424][  0]LogTargetPlatformManager: Display: Loaded TargetPlatform 'TVOSClient'
[2021.05.27-20.02.45:424][  0]LogTargetPlatformManager: Display: Loaded TargetPlatform 'TVOS'
[2021.05.27-20.02.45:433][  0]LogTargetPlatformManager: Display: Loaded TargetPlatform 'WindowsNoEditor'
[2021.05.27-20.02.45:443][  0]LogTargetPlatformManager: Display: Loaded TargetPlatform 'Windows'
[2021.05.27-20.02.45:451][  0]LogTargetPlatformManager: Display: Loaded TargetPlatform 'WindowsClient'
[2021.05.27-20.02.45:460][  0]LogTargetPlatformManager: Display: Loaded TargetPlatform 'WindowsServer'
[2021.05.27-20.02.45:460][  0]LogTargetPlatformManager: Display: Building Assets For Windows
[2021.05.27-20.02.45:466][  0]LogAudioDebug: Display: Lib vorbis DLL was dynamically loaded.
[2021.05.27-20.02.45:551][  0]LogShaderCompilers: Guid format shader working directory is -7 characters bigger than the processId version (D:/Epic Games/UnrealProjects/UE4_FPS_Demo/FirstPersonDemo/Intermediate/Shaders/WorkingDirectory/24880/).
[2021.05.27-20.02.45:551][  0]LogShaderCompilers: Cleaned the shader compiler working directory 'C:/Users/Sam Hirsch/AppData/Local/Temp/UnrealShaderWorkingDir/C9CE1C164E0B4C5AF8ACF98120095A4A/'.
[2021.05.27-20.02.45:551][  0]LogXGEController: Cleaning working directory: C:/Users/Sam Hirsch/AppData/Local/Temp/UnrealXGEWorkingDir/
[2021.05.27-20.02.45:552][  0]LogXGEController: Cannot use XGE Controller as Incredibuild is not installed on this machine.
[2021.05.27-20.02.45:552][  0]LogShaderCompilers: Cannot use XGE Shader Compiler as Incredibuild is not installed on this machine.
[2021.05.27-20.02.45:552][  0]LogShaderCompilers: Display: Using Local Shader Compiler.
[2021.05.27-20.02.50:632][  0]LogDerivedDataCache: Display: Max Cache Size: 512 MB
[2021.05.27-20.02.50:869][  0]LogDerivedDataCache: Loaded boot cache 0.24s 82MB C:/Users/Sam Hirsch/AppData/Local/UnrealEngine/4.25/DerivedDataCache/Boot.ddc.
[2021.05.27-20.02.50:869][  0]LogDerivedDataCache: Display: Loaded Boot cache: C:/Users/Sam Hirsch/AppData/Local/UnrealEngine/4.25/DerivedDataCache/Boot.ddc
[2021.05.27-20.02.50:869][  0]LogDerivedDataCache: FDerivedDataBackendGraph:  Pak pak cache file D:/Epic Games/UnrealProjects/UE4_FPS_Demo/FirstPersonDemo/DerivedDataCache/DDC.ddp not found, will not use a pak cache.
[2021.05.27-20.02.50:869][  0]LogDerivedDataCache: Unable to find inner node Pak for hierarchical cache Hierarchy.
[2021.05.27-20.02.50:869][  0]LogDerivedDataCache: FDerivedDataBackendGraph:  CompressedPak pak cache file D:/Epic Games/UnrealProjects/UE4_FPS_Demo/FirstPersonDemo/DerivedDataCache/Compressed.ddp not found, will not use a pak cache.
[2021.05.27-20.02.50:869][  0]LogDerivedDataCache: Unable to find inner node CompressedPak for hierarchical cache Hierarchy.
[2021.05.27-20.02.51:009][  0]LogDerivedDataCache: Display: Pak cache opened for reading ../../../Engine/DerivedDataCache/Compressed.ddp.
[2021.05.27-20.02.51:009][  0]LogDerivedDataCache: FDerivedDataBackendGraph:  EnterprisePak pak cache file ../../../Enterprise/DerivedDataCache/Compressed.ddp not found, will not use a pak cache.
[2021.05.27-20.02.51:009][  0]LogDerivedDataCache: Unable to find inner node EnterprisePak for hierarchical cache Hierarchy.
[2021.05.27-20.02.51:011][  0]LogDerivedDataCache: Using Local data cache path C:/Users/Sam Hirsch/AppData/Local/UnrealEngine/Common/DerivedDataCache: Writable
[2021.05.27-20.02.51:011][  0]LogDerivedDataCache: Shared data cache path not found in *engine.ini, will not use an Shared cache.
[2021.05.27-20.02.51:011][  0]LogDerivedDataCache: Unable to find inner node Shared for hierarchical cache Hierarchy.
[2021.05.27-20.02.51:059][  0]LogSlate: Using FreeType 2.10.0
[2021.05.27-20.02.51:059][  0]LogSlate: SlateFontServices - WITH_FREETYPE: 1, WITH_HARFBUZZ: 1
[2021.05.27-20.02.51:315][  0]LogAssetRegistry: FAssetRegistry took 0.0029 seconds to start up
[2021.05.27-20.02.51:721][  0]LogInit: Selected Device Profile: [Windows]
[2021.05.27-20.02.52:082][  0]LogMeshReduction: Using QuadricMeshReduction for automatic static mesh reduction
[2021.05.27-20.02.52:082][  0]LogMeshReduction: Using SimplygonMeshReduction for automatic skeletal mesh reduction
[2021.05.27-20.02.52:082][  0]LogMeshReduction: Using ProxyLODMeshReduction for automatic mesh merging
[2021.05.27-20.02.52:082][  0]LogMeshReduction: No distributed automatic mesh merging module available
[2021.05.27-20.02.52:082][  0]LogMeshMerging: No distributed automatic mesh merging module available
[2021.05.27-20.02.52:163][  0]LogNetVersion: FirstPersonDemo 1.0.0, NetCL: 13144385, EngineNetVer: 14, GameNetVer: 0 (Checksum: 4043045611)
[2021.05.27-20.03.03:702][  0]LogAISub: UAISubsystem::UAISubsystem AISubsystem (00000141CFF6D100), frame # 0
[2021.05.27-20.03.03:702][  0]LogAISub: UAISubsystem::UAISubsystem AIPerceptionSystem (00000141CFE191C0), frame # 0
[2021.05.27-20.03.03:703][  0]LogAISub: UAISubsystem::UAISubsystem EnvQueryManager (00000141CFE5DC00), frame # 0
[2021.05.27-20.03.03:792][  0]LogPackageLocalizationCache: Processed 17 localized package path(s) for 1 prioritized culture(s) in 0.058715 seconds
[2021.05.27-20.03.03:798][  0]LogUObjectArray: 15756 objects as part of root set at end of initial load.
[2021.05.27-20.03.03:798][  0]LogUObjectAllocator: 3925280 out of 0 bytes used by permanent object pool.
[2021.05.27-20.03.03:798][  0]LogUObjectArray: CloseDisregardForGC: 0/0 objects in disregard for GC pool
[2021.05.27-20.03.05:251][  0]LogTcpMessaging: Initializing TcpMessaging bridge
[2021.05.27-20.03.05:255][  0]LogUdpMessaging: Initializing bridge on interface 0.0.0.0:0 to multicast group 230.0.0.1:6666.
[2021.05.27-20.03.05:385][  0]SourceControl: Source control is disabled
[2021.05.27-20.03.05:385][  0]SourceControl: Source control is disabled
[2021.05.27-20.03.05:389][  0]SourceControl: Source control is disabled
[2021.05.27-20.03.05:392][  0]SourceControl: Source control is disabled
[2021.05.27-20.03.05:414][  0]SourceControl: Source control is disabled
[2021.05.27-20.03.06:186][  0]LogAndroidPermission: UAndroidPermissionCallbackProxy::GetInstance
[2021.05.27-20.03.06:206][  0]LogAudioCaptureCore: Display: No Audio Capture implementations found. Audio input will be silent.
[2021.05.27-20.03.06:206][  0]LogAudioCaptureCore: Display: No Audio Capture implementations found. Audio input will be silent.
[2021.05.27-20.03.06:426][  0]LogEngine: Initializing Engine...
[2021.05.27-20.03.06:427][  0]LogMagicLeap: Warning: VR disabled because ZI is not enabled.  To enable, in the editor, Edit -> Project Settings -> Plugins -> Magic Leap Plugin -> Enable Zero Iteration
[2021.05.27-20.03.06:428][  0]LogStats: UGameplayTagsManager::InitializeManager -  0.000 s
[2021.05.27-20.03.06:957][  0]LogInit: Initializing FReadOnlyCVARCache
[2021.05.27-20.03.06:979][  0]LogAIModule: Creating AISystem for world Untitled
[2021.05.27-20.03.06:979][  0]LogAISub: UAISubsystem::UAISubsystem EnvQueryManager (00000141D1B85800), frame # 0
[2021.05.27-20.03.06:979][  0]LogAISub: UAISubsystem::UAISubsystem AIPerceptionSystem (00000141D1B7B380), frame # 0
[2021.05.27-20.03.06:983][  0]LogAudioMixer: Display: Audio Mixer Platform Settings:
[2021.05.27-20.03.06:983][  0]LogAudioMixer: Display: 	Sample Rate:						  48000
[2021.05.27-20.03.06:983][  0]LogAudioMixer: Display: 	Callback Buffer Frame Size Requested: 1024
[2021.05.27-20.03.06:983][  0]LogAudioMixer: Display: 	Callback Buffer Frame Size To Use:	  1024
[2021.05.27-20.03.06:983][  0]LogAudioMixer: Display: 	Number of buffers to queue:			  2
[2021.05.27-20.03.06:983][  0]LogAudioMixer: Display: 	Max Channels (voices):				  32
[2021.05.27-20.03.06:983][  0]LogAudioMixer: Display: 	Number of Async Source Workers:		  0
[2021.05.27-20.03.06:983][  0]LogAudio: Display: AudioDevice MaxSources: 32
[2021.05.27-20.03.06:984][  0]LogAudio: Display: Using built-in audio occlusion.
[2021.05.27-20.03.06:984][  0]LogAudioMixer: Display: Initializing audio mixer.
[2021.05.27-20.03.07:079][  0]LogAudioMixer: Display: 0: FrontLeft
[2021.05.27-20.03.07:079][  0]LogAudioMixer: Display: 1: FrontRight
[2021.05.27-20.03.07:120][  0]LogAudioMixer: Display: Using Audio Device Headset Earphone (Arctis 5 Chat)
[2021.05.27-20.03.07:121][  0]LogAudioMixer: Display: Initializing Sound Submixes...
[2021.05.27-20.03.07:132][  0]LogAudioMixer: Display: Creating Master Submix 'MasterSubmixDefault'
[2021.05.27-20.03.07:132][  0]LogAudioMixer: Display: Creating Master Submix 'MasterReverbSubmixDefault'
[2021.05.27-20.03.07:133][  0]LogAudioMixer: Display: Creating Master Submix 'MasterEQSubmixDefault'
[2021.05.27-20.03.07:134][  0]LogInit: FAudioDevice initialized.
[2021.05.27-20.03.07:134][  0]LogNetVersion: Set ProjectVersion to 1.0.0.0. Version Checksum will be recalculated on next use.
[2021.05.27-20.03.07:239][  0]LogDerivedDataCache: Saved boot cache 0.11s 75MB C:/Users/Sam Hirsch/AppData/Local/UnrealEngine/4.25/DerivedDataCache/Boot.ddc.
[2021.05.27-20.03.07:239][  0]LogInit: Texture streaming: Enabled
[2021.05.27-20.03.07:286][  0]LogEngineSessionManager: EngineSessionManager initialized
[2021.05.27-20.03.07:288][  0]LogEngineSessionManager: EngineSessionManager sent abnormal shutdown report. Type=Crashed, SessionId={877B4776-4E97-6C86-305F-43981C09B7A4}
[2021.05.27-20.03.07:288][  0]LogEditorSessionSummary: Verbose: Initializing EditorSessionSummaryWriter for editor session tracking
[2021.05.27-20.03.07:295][  0]LogEditorSessionSummary: EditorSessionSummaryWriter initialized
[2021.05.27-20.03.07:339][  0]LogInit: Transaction tracking system initialized
[2021.05.27-20.03.07:397][  0]BlueprintLog: New page: Editor Load
[2021.05.27-20.03.07:498][  0]LocalizationService: Localization service is disabled
[2021.05.27-20.03.08:929][  0]LogCook: Display: Max memory allowance for cook 16384mb min free memory 0mb
[2021.05.27-20.03.08:929][  0]LogCook: Display: Mobile HDR setting 1
[2021.05.27-20.03.09:346][  0]LogFileCache: Scanning file cache for directory 'D:/Epic Games/UnrealProjects/UE4_FPS_Demo/FirstPersonDemo/Content/' took 0.01s
[2021.05.27-20.03.10:167][  0]SourceControl: Source control is disabled
[2021.05.27-20.03.10:167][  0]LogUnrealEdMisc: Loading editor; pre map load, took 34.621
[2021.05.27-20.03.10:168][  0]Cmd: MAP LOAD FILE="D:/Epic Games/UnrealProjects/UE4_FPS_Demo/FirstPersonDemo/Content/StarterContent/Maps/Minimal_Default.umap" TEMPLATE=0 SHOWPROGRESS=1 FEATURELEVEL=3
[2021.05.27-20.03.10:168][  0]LightingResults: New page: Lighting Build
[2021.05.27-20.03.10:187][  0]LogWorld: UWorld::CleanupWorld for Untitled, bSessionEnded=true, bCleanupResources=true
[2021.05.27-20.03.10:188][  0]LogSlate: InvalidateAllWidgets triggered.  All widgets were invalidated
[2021.05.27-20.03.10:188][  0]MapCheck: New page: Map Check
[2021.05.27-20.03.10:188][  0]LightingResults: New page: Lighting Build
[2021.05.27-20.03.10:198][  0]LogAISub: UAISubsystem::~UAISubsystem EnvQueryManager (00000141D1B85800), frame # 0
[2021.05.27-20.03.10:198][  0]LogAISub: UAISubsystem::~UAISubsystem AIPerceptionSystem (00000141D1B7B380), frame # 0
[2021.05.27-20.03.10:199][  0]LogUObjectHash: Compacting FUObjectHashTables data took   0.59ms
[2021.05.27-20.03.10:676][  0]LogAIModule: Creating AISystem for world Minimal_Default
[2021.05.27-20.03.10:676][  0]LogAISub: UAISubsystem::UAISubsystem EnvQueryManager (00000141C1A50A00), frame # 0
[2021.05.27-20.03.10:676][  0]LogAISub: UAISubsystem::UAISubsystem AIPerceptionSystem (00000141CF2C07C0), frame # 0
[2021.05.27-20.03.10:743][  0]LogEditorServer: Finished looking for orphan Actors (0.000 secs)
[2021.05.27-20.03.10:756][  0]LogUObjectHash: Compacting FUObjectHashTables data took   1.13ms
[2021.05.27-20.03.10:757][  0]Cmd: MAP CHECKDEP NOCLEARLOG
[2021.05.27-20.03.10:757][  0]MapCheck: Map check complete: 0 Error(s), 0 Warning(s), took 0.097ms to complete.
[2021.05.27-20.03.10:757][  0]LogFileHelpers: Loading map 'Minimal_Default' took 0.589
[2021.05.27-20.03.10:759][  0]LogUnrealEdMisc: Total Editor Startup Time, took 35.213
[2021.05.27-20.03.10:956][  0]LogSlate: Updating window title bar state: overlay mode, drag disabled, window buttons hidden, title bar hidden
[2021.05.27-20.03.10:963][  0]LogSlate: Updating window title bar state: overlay mode, drag disabled, window buttons hidden, title bar hidden
[2021.05.27-20.03.10:970][  0]LogSlate: Updating window title bar state: overlay mode, drag disabled, window buttons hidden, title bar hidden
[2021.05.27-20.03.10:977][  0]LogSlate: Updating window title bar state: overlay mode, drag disabled, window buttons hidden, title bar hidden
[2021.05.27-20.03.10:983][  0]LogCollectionManager: Loaded 0 collections in 0.001715 seconds
[2021.05.27-20.03.11:046][  0]LogFileCache: Scanning file cache for directory 'D:/Epic Games/UnrealProjects/UE4_FPS_Demo/FirstPersonDemo/Saved/Collections/' took 0.00s
[2021.05.27-20.03.11:046][  0]LogFileCache: Scanning file cache for directory 'D:/Epic Games/UnrealProjects/UE4_FPS_Demo/FirstPersonDemo/Content/Developers/SamHirsch/Collections/' took 0.00s
[2021.05.27-20.03.11:046][  0]LogFileCache: Scanning file cache for directory 'D:/Epic Games/UnrealProjects/UE4_FPS_Demo/FirstPersonDemo/Content/Collections/' took 0.00s
[2021.05.27-20.03.11:046][  0]LogContentBrowser: Native class hierarchy populated in 0.0087 seconds. Added 3410 classes and 807 folders.
[2021.05.27-20.03.11:048][  0]LogContentBrowser: Native class hierarchy updated for 'WidgetCarousel' in 0.0004 seconds. Added 0 classes and 0 folders.
[2021.05.27-20.03.13:890][  0]LogContentBrowser: Native class hierarchy updated for 'AddContentDialog' in 0.0004 seconds. Added 0 classes and 0 folders.
[2021.05.27-20.03.13:891][  0]LogContentBrowser: Native class hierarchy updated for 'SceneOutliner' in 0.0003 seconds. Added 2 classes and 0 folders.
[2021.05.27-20.03.13:980][  0]LogSlate: Took 0.000277 seconds to synchronously load lazily loaded font '../../../Engine/Content/Slate/Fonts/Roboto-Regular.ttf' (155K)
[2021.05.27-20.03.13:983][  0]LogSlate: Took 0.000252 seconds to synchronously load lazily loaded font '../../../Engine/Content/Slate/Fonts/Roboto-Bold.ttf' (160K)
[2021.05.27-20.03.14:023][  0]LogSlate: Took 0.034473 seconds to synchronously load lazily loaded font '../../../Engine/Content/Editor/Slate/Fonts/FontAwesome.ttf' (139K)
[2021.05.27-20.03.14:213][  0]LogRenderer: Reallocating scene render targets to support 1208x572 Format 10 NumSamples 1 (Frame:1).
[2021.05.27-20.03.14:307][  0]LogContentBrowser: Native class hierarchy updated for 'HierarchicalLODOutliner' in 0.0004 seconds. Added 0 classes and 0 folders.
[2021.05.27-20.03.14:308][  0]LogLoad: (Engine Initialization) Total time: 38.76 seconds
[2021.05.27-20.03.14:308][  0]LogLoad: (Engine Initialization) Total Blueprint compile time: 0.00 seconds
[2021.05.27-20.03.14:395][  0]LogContentStreaming: Texture pool size now 1000 MB
[2021.05.27-20.03.14:446][  1]LogAssetRegistry: Asset discovery search completed in 23.1325 seconds
[2021.05.27-20.03.14:451][  1]LogCollectionManager: Fixed up redirectors for 0 collections in 0.000003 seconds (updated 0 objects)
[2021.05.27-20.03.14:485][  1]LogSlate: Took 0.020656 seconds to synchronously load lazily loaded font '../../../Engine/Content/Slate/Fonts/Roboto-Light.ttf' (167K)
[2021.05.27-20.03.15:366][ 53]LogSlate: Took 0.000327 seconds to synchronously load lazily loaded font '../../../Engine/Content/Slate/Fonts/Roboto-Light.ttf' (167K)
[2021.05.27-20.03.16:780][115]Candidate modules for hot reload:
[2021.05.27-20.03.16:780][115]  FirstPersonDemo
[2021.05.27-20.03.16:780][115]Launching UnrealBuildTool... [E:/UE_4.25/Engine/Binaries/DotNET/UnrealBuildTool.exe  -ModuleWithSuffix=FirstPersonDemo,9812 FirstPersonDemoEditor Win64 Development -Project="D:/Epic Games/UnrealProjects/UE4_FPS_Demo/FirstPersonDemo/FirstPersonDemo.uproject" "D:/Epic Games/UnrealProjects/UE4_FPS_Demo/FirstPersonDemo/FirstPersonDemo.uproject"  -IgnoreJunk]
[2021.05.27-20.03.16:784][115]Warning: Starting HotReload took  0.0s.
[2021.05.27-20.03.19:239][246]CompilerResultsLog: New page: Compilation - May 27, 2021, 10:03:19 AM
[2021.05.27-20.03.19:239][246]CompilerResultsLog: Using 'git status' to determine working set for adaptive non-unity build (D:\Epic Games\UnrealProjects\UE4_FPS_Demo).
[2021.05.27-20.03.19:239][246]CompilerResultsLog: Building FirstPersonDemoEditor...
[2021.05.27-20.03.19:239][246]CompilerResultsLog: Using Visual Studio 2019 14.28.29915 toolchain (D:\VisualStudio2019\VC\Tools\MSVC\14.28.29910) and Windows 10.0.19041.0 SDK (C:\Program Files (x86)\Windows Kits\10).
[2021.05.27-20.03.19:239][246]CompilerResultsLog: Building 3 actions with 12 processes...
[2021.05.27-20.03.19:239][246]CompilerResultsLog:   [1/3] UE4Editor-FirstPersonDemo-9812.lib
[2021.05.27-20.03.19:239][246]CompilerResultsLog:      Creating library D:\Epic Games\UnrealProjects\UE4_FPS_Demo\FirstPersonDemo\Intermediate\Build\Win64\UE4Editor\Development\FirstPersonDemo\UE4Editor-FirstPersonDemo-9812.lib and object D:\Epic Games\UnrealProjects\UE4_FPS_Demo\FirstPersonDemo\Intermediate\Build\Win64\UE4Editor\Development\FirstPersonDemo\UE4Editor-FirstPersonDemo-9812.exp
[2021.05.27-20.03.19:239][246]CompilerResultsLog:   [2/3] UE4Editor-FirstPersonDemo-9812.dll
[2021.05.27-20.03.19:239][246]CompilerResultsLog:      Creating library D:\Epic Games\UnrealProjects\UE4_FPS_Demo\FirstPersonDemo\Intermediate\Build\Win64\UE4Editor\Development\FirstPersonDemo\UE4Editor-FirstPersonDemo-9812.suppressed.lib and object D:\Epic Games\UnrealProjects\UE4_FPS_Demo\FirstPersonDemo\Intermediate\Build\Win64\UE4Editor\Development\FirstPersonDemo\UE4Editor-FirstPersonDemo-9812.suppressed.exp
[2021.05.27-20.03.19:239][246]CompilerResultsLog:   [3/3] FirstPersonDemoEditor.target
[2021.05.27-20.03.19:239][246]CompilerResultsLog: Total time in Parallel executor: 1.53 seconds
[2021.05.27-20.03.19:239][246]CompilerResultsLog: Total execution time: 2.35 seconds
[2021.05.27-20.03.19:239][246]LogMainFrame: MainFrame: Module compiling took 2.464 seconds
[2021.05.27-20.03.19:281][246]LogContentBrowser: Native class hierarchy updated for 'FirstPersonDemo' in 0.0004 seconds. Added 3 classes and 2 folders.
[2021.05.27-20.03.19:282][246]Display: HotReload successful (7 functions remapped  0 scriptstructs remapped)
[2021.05.27-20.03.19:328][246]LogContentBrowser: Native class hierarchy populated in 0.0097 seconds. Added 3410 classes and 807 folders.
[2021.05.27-20.03.19:328][246]Display: HotReload took  2.6s.
[2021.05.27-20.03.27:511][703]LogSlate: WidgetSwitcher ('None') active index changed to -1
[2021.05.27-20.03.27:511][703]LogSlate: WidgetSwitcher ('None') active index changed to 1
[2021.05.27-20.03.27:590][703]LogSlate: Took 0.015570 seconds to synchronously load lazily loaded font '../../../Engine/Content/Slate/Fonts/Roboto-BoldCondensed.ttf' (158K)
[2021.05.27-20.03.41:507][518]LogAssetEditorSubsystem: Opening Asset editor for Blueprint /Game/Blueprints/BP_BasicProjectile.BP_BasicProjectile
[2021.05.27-20.03.41:902][518]LogContentBrowser: Native class hierarchy updated for 'BlueprintGraph' in 0.0007 seconds. Added 125 classes and 0 folders.
[2021.05.27-20.03.42:990][518]LogSlate: Window 'Add Blueprint Class' being destroyed
[2021.05.27-20.03.43:054][519]LogRenderer: Reallocating scene render targets to support 1208x584 Format 10 NumSamples 1 (Frame:1).
[2021.05.27-20.03.45:925][659]LogRenderer: Reallocating scene render targets to support 1208x588 Format 10 NumSamples 1 (Frame:135).
[2021.05.27-20.03.46:058][662]LogRenderer: Reallocating scene render targets to support 1208x708 Format 10 NumSamples 1 (Frame:139).
[2021.05.27-20.03.46:393][682]LogSlate: Window 'BP_BasicProjectile' being destroyed
[2021.05.27-20.03.46:617][693]LogSlate: Took 0.000262 seconds to synchronously load lazily loaded font '../../../Engine/Content/Slate/Fonts/Roboto-Italic.ttf' (157K)
[2021.05.27-20.04.59:208][213]Candidate modules for hot reload:
[2021.05.27-20.04.59:208][213]  FirstPersonDemo
[2021.05.27-20.04.59:209][213]Launching UnrealBuildTool... [E:/UE_4.25/Engine/Binaries/DotNET/UnrealBuildTool.exe  -ModuleWithSuffix=FirstPersonDemo,8954 FirstPersonDemoEditor Win64 Development -Project="D:/Epic Games/UnrealProjects/UE4_FPS_Demo/FirstPersonDemo/FirstPersonDemo.uproject" "D:/Epic Games/UnrealProjects/UE4_FPS_Demo/FirstPersonDemo/FirstPersonDemo.uproject"  -IgnoreJunk]
[2021.05.27-20.04.59:214][213]Warning: Starting HotReload took  0.0s.
[2021.05.27-20.05.11:984][955]CompilerResultsLog: New page: Compilation - May 27, 2021, 10:05:11 AM
[2021.05.27-20.05.11:984][955]CompilerResultsLog: Using 'git status' to determine working set for adaptive non-unity build (D:\Epic Games\UnrealProjects\UE4_FPS_Demo).
[2021.05.27-20.05.11:984][955]CompilerResultsLog: Parsing headers for FirstPersonDemoEditor
[2021.05.27-20.05.11:984][955]CompilerResultsLog:   Running UnrealHeaderTool "D:\Epic Games\UnrealProjects\UE4_FPS_Demo\FirstPersonDemo\FirstPersonDemo.uproject" "D:\Epic Games\UnrealProjects\UE4_FPS_Demo\FirstPersonDemo\Intermediate\Build\Win64\FirstPersonDemoEditor\Development\FirstPersonDemoEditor.uhtmanifest" -LogCmds="loginit warning, logexit warning, logdatabase error" -Unattended -WarningsAsErrors -abslog="C:\Users\Sam Hirsch\AppData\Local\UnrealBuildTool\Log_UHT.txt" -installed
[2021.05.27-20.05.11:984][955]CompilerResultsLog: Reflection code generated for FirstPersonDemoEditor in 7.8908269 seconds
[2021.05.27-20.05.11:984][955]CompilerResultsLog: Building FirstPersonDemoEditor...
[2021.05.27-20.05.11:984][955]CompilerResultsLog: Using Visual Studio 2019 14.28.29915 toolchain (D:\VisualStudio2019\VC\Tools\MSVC\14.28.29910) and Windows 10.0.19041.0 SDK (C:\Program Files (x86)\Windows Kits\10).
[2021.05.27-20.05.11:984][955]CompilerResultsLog: Building 8 actions with 12 processes...
[2021.05.27-20.05.11:984][955]CompilerResultsLog:   [1/8] FirstPersonDemo.init.gen.cpp
[2021.05.27-20.05.11:985][955]CompilerResultsLog:   [2/8] Projectile.cpp
[2021.05.27-20.05.11:985][955]CompilerResultsLog:   [3/8] Projectile.gen.cpp
[2021.05.27-20.05.11:985][955]CompilerResultsLog:   [4/8] FPSCharacter.gen.cpp
[2021.05.27-20.05.11:985][955]CompilerResultsLog:   [5/8] FPSCharacter.cpp
[2021.05.27-20.05.11:985][955]CompilerResultsLog:   [6/8] UE4Editor-FirstPersonDemo-8954.lib
[2021.05.27-20.05.11:985][955]CompilerResultsLog:      Creating library D:\Epic Games\UnrealProjects\UE4_FPS_Demo\FirstPersonDemo\Intermediate\Build\Win64\UE4Editor\Development\FirstPersonDemo\UE4Editor-FirstPersonDemo-8954.lib and object D:\Epic Games\UnrealProjects\UE4_FPS_Demo\FirstPersonDemo\Intermediate\Build\Win64\UE4Editor\Development\FirstPersonDemo\UE4Editor-FirstPersonDemo-8954.exp
[2021.05.27-20.05.11:985][955]CompilerResultsLog:   [7/8] UE4Editor-FirstPersonDemo-8954.dll
[2021.05.27-20.05.11:985][955]CompilerResultsLog:      Creating library D:\Epic Games\UnrealProjects\UE4_FPS_Demo\FirstPersonDemo\Intermediate\Build\Win64\UE4Editor\Development\FirstPersonDemo\UE4Editor-FirstPersonDemo-8954.suppressed.lib and object D:\Epic Games\UnrealProjects\UE4_FPS_Demo\FirstPersonDemo\Intermediate\Build\Win64\UE4Editor\Development\FirstPersonDemo\UE4Editor-FirstPersonDemo-8954.suppressed.exp
[2021.05.27-20.05.11:985][955]CompilerResultsLog:   [8/8] FirstPersonDemoEditor.target
[2021.05.27-20.05.11:985][955]CompilerResultsLog: Total time in Parallel executor: 3.46 seconds
[2021.05.27-20.05.11:985][955]CompilerResultsLog: Total execution time: 12.58 seconds
[2021.05.27-20.05.11:985][955]LogMainFrame: MainFrame: Module compiling took 12.787 seconds
[2021.05.27-20.05.12:285][955]LogClass: Could not find existing class Projectile in package /Script/FirstPersonDemo for HotReload, assuming new class
[2021.05.27-20.05.12:294][955]LogHotReload: Re-instancing Projectile after hot-reload.
[2021.05.27-20.05.12:337][955]LogContentBrowser: Native class hierarchy updated for 'FirstPersonDemo' in 0.0006 seconds. Added 3 classes and 2 folders.
[2021.05.27-20.05.12:340][955]Display: HotReload successful (7 functions remapped  0 scriptstructs remapped)
[2021.05.27-20.05.12:409][955]LogContentBrowser: Native class hierarchy populated in 0.0085 seconds. Added 3410 classes and 807 folders.
[2021.05.27-20.05.12:409][955]Display: HotReload took 13.2s.
[2021.05.27-20.07.05:689][920]Candidate modules for hot reload:
[2021.05.27-20.07.05:689][920]  FirstPersonDemo
[2021.05.27-20.07.05:689][920]Launching UnrealBuildTool... [E:/UE_4.25/Engine/Binaries/DotNET/UnrealBuildTool.exe  -ModuleWithSuffix=FirstPersonDemo,2338 FirstPersonDemoEditor Win64 Development -Project="D:/Epic Games/UnrealProjects/UE4_FPS_Demo/FirstPersonDemo/FirstPersonDemo.uproject" "D:/Epic Games/UnrealProjects/UE4_FPS_Demo/FirstPersonDemo/FirstPersonDemo.uproject"  -IgnoreJunk]
[2021.05.27-20.07.05:694][920]Warning: Starting HotReload took  0.0s.
[2021.05.27-20.07.18:406][662]CompilerResultsLog: New page: Compilation - May 27, 2021, 10:07:18 AM
[2021.05.27-20.07.18:406][662]CompilerResultsLog: Using 'git status' to determine working set for adaptive non-unity build (D:\Epic Games\UnrealProjects\UE4_FPS_Demo).
[2021.05.27-20.07.18:406][662]CompilerResultsLog: Parsing headers for FirstPersonDemoEditor
[2021.05.27-20.07.18:406][662]CompilerResultsLog:   Running UnrealHeaderTool "D:\Epic Games\UnrealProjects\UE4_FPS_Demo\FirstPersonDemo\FirstPersonDemo.uproject" "D:\Epic Games\UnrealProjects\UE4_FPS_Demo\FirstPersonDemo\Intermediate\Build\Win64\FirstPersonDemoEditor\Development\FirstPersonDemoEditor.uhtmanifest" -LogCmds="loginit warning, logexit warning, logdatabase error" -Unattended -WarningsAsErrors -abslog="C:\Users\Sam Hirsch\AppData\Local\UnrealBuildTool\Log_UHT.txt" -installed
[2021.05.27-20.07.18:406][662]CompilerResultsLog: Reflection code generated for FirstPersonDemoEditor in 8.0638656 seconds
[2021.05.27-20.07.18:406][662]CompilerResultsLog: Building FirstPersonDemoEditor...
[2021.05.27-20.07.18:406][662]CompilerResultsLog: Using Visual Studio 2019 14.28.29915 toolchain (D:\VisualStudio2019\VC\Tools\MSVC\14.28.29910) and Windows 10.0.19041.0 SDK (C:\Program Files (x86)\Windows Kits\10).
[2021.05.27-20.07.18:406][662]CompilerResultsLog: Building 8 actions with 12 processes...
[2021.05.27-20.07.18:406][662]CompilerResultsLog:   [1/8] FirstPersonDemo.init.gen.cpp
[2021.05.27-20.07.18:406][662]CompilerResultsLog:   [2/8] Projectile.cpp
[2021.05.27-20.07.18:406][662]CompilerResultsLog:   [3/8] Projectile.gen.cpp
[2021.05.27-20.07.18:406][662]CompilerResultsLog:   [4/8] FPSCharacter.gen.cpp
[2021.05.27-20.07.18:406][662]CompilerResultsLog:   [5/8] FPSCharacter.cpp
[2021.05.27-20.07.18:406][662]CompilerResultsLog:   [6/8] UE4Editor-FirstPersonDemo-2338.lib
[2021.05.27-20.07.18:406][662]CompilerResultsLog:      Creating library D:\Epic Games\UnrealProjects\UE4_FPS_Demo\FirstPersonDemo\Intermediate\Build\Win64\UE4Editor\Development\FirstPersonDemo\UE4Editor-FirstPersonDemo-2338.lib and object D:\Epic Games\UnrealProjects\UE4_FPS_Demo\FirstPersonDemo\Intermediate\Build\Win64\UE4Editor\Development\FirstPersonDemo\UE4Editor-FirstPersonDemo-2338.exp
[2021.05.27-20.07.18:406][662]CompilerResultsLog:   [7/8] UE4Editor-FirstPersonDemo-2338.dll
[2021.05.27-20.07.18:406][662]CompilerResultsLog:      Creating library D:\Epic Games\UnrealProjects\UE4_FPS_Demo\FirstPersonDemo\Intermediate\Build\Win64\UE4Editor\Development\FirstPersonDemo\UE4Editor-FirstPersonDemo-2338.suppressed.lib and object D:\Epic Games\UnrealProjects\UE4_FPS_Demo\FirstPersonDemo\Intermediate\Build\Win64\UE4Editor\Development\FirstPersonDemo\UE4Editor-FirstPersonDemo-2338.suppressed.exp
[2021.05.27-20.07.18:406][662]CompilerResultsLog:   [8/8] FirstPersonDemoEditor.target
[2021.05.27-20.07.18:406][662]CompilerResultsLog: Total time in Parallel executor: 3.02 seconds
[2021.05.27-20.07.18:406][662]CompilerResultsLog: Total execution time: 12.02 seconds
[2021.05.27-20.07.18:406][662]LogMainFrame: MainFrame: Module compiling took 12.724 seconds
[2021.05.27-20.07.18:474][662]LogClass: Could not find existing class Projectile in package /Script/FirstPersonDemo for HotReload, assuming new class
[2021.05.27-20.07.18:487][662]LogHotReload: Re-instancing Projectile after hot-reload.
[2021.05.27-20.07.18:565][662]LogContentBrowser: Native class hierarchy updated for 'FirstPersonDemo' in 0.0007 seconds. Added 3 classes and 2 folders.
[2021.05.27-20.07.18:570][662]Display: HotReload successful (7 functions remapped  0 scriptstructs remapped)
[2021.05.27-20.07.18:710][662]LogContentBrowser: Native class hierarchy populated in 0.0130 seconds. Added 3410 classes and 807 folders.
[2021.05.27-20.07.18:710][662]Display: HotReload took 13.0s.
[2021.05.27-20.08.17:028][439]Candidate modules for hot reload:
[2021.05.27-20.08.17:028][439]  FirstPersonDemo
[2021.05.27-20.08.17:028][439]Launching UnrealBuildTool... [E:/UE_4.25/Engine/Binaries/DotNET/UnrealBuildTool.exe  -ModuleWithSuffix=FirstPersonDemo,616 FirstPersonDemoEditor Win64 Development -Project="D:/Epic Games/UnrealProjects/UE4_FPS_Demo/FirstPersonDemo/FirstPersonDemo.uproject" "D:/Epic Games/UnrealProjects/UE4_FPS_Demo/FirstPersonDemo/FirstPersonDemo.uproject"  -IgnoreJunk]
[2021.05.27-20.08.17:032][439]Warning: Starting HotReload took  0.0s.
[2021.05.27-20.08.20:435][621]CompilerResultsLog: New page: Compilation - May 27, 2021, 10:08:20 AM
[2021.05.27-20.08.20:435][621]CompilerResultsLog: Using 'git status' to determine working set for adaptive non-unity build (D:\Epic Games\UnrealProjects\UE4_FPS_Demo).
[2021.05.27-20.08.20:435][621]CompilerResultsLog: Building FirstPersonDemoEditor...
[2021.05.27-20.08.20:435][621]CompilerResultsLog: Using Visual Studio 2019 14.28.29915 toolchain (D:\VisualStudio2019\VC\Tools\MSVC\14.28.29910) and Windows 10.0.19041.0 SDK (C:\Program Files (x86)\Windows Kits\10).
[2021.05.27-20.08.20:435][621]CompilerResultsLog: Building 4 actions with 12 processes...
[2021.05.27-20.08.20:435][621]CompilerResultsLog:   [1/4] Projectile.cpp
[2021.05.27-20.08.20:435][621]CompilerResultsLog:   [2/4] UE4Editor-FirstPersonDemo-0616.lib
[2021.05.27-20.08.20:435][621]CompilerResultsLog:      Creating library D:\Epic Games\UnrealProjects\UE4_FPS_Demo\FirstPersonDemo\Intermediate\Build\Win64\UE4Editor\Development\FirstPersonDemo\UE4Editor-FirstPersonDemo-0616.lib and object D:\Epic Games\UnrealProjects\UE4_FPS_Demo\FirstPersonDemo\Intermediate\Build\Win64\UE4Editor\Development\FirstPersonDemo\UE4Editor-FirstPersonDemo-0616.exp
[2021.05.27-20.08.20:435][621]CompilerResultsLog:   [3/4] UE4Editor-FirstPersonDemo-0616.dll
[2021.05.27-20.08.20:436][621]CompilerResultsLog:      Creating library D:\Epic Games\UnrealProjects\UE4_FPS_Demo\FirstPersonDemo\Intermediate\Build\Win64\UE4Editor\Development\FirstPersonDemo\UE4Editor-FirstPersonDemo-0616.suppressed.lib and object D:\Epic Games\UnrealProjects\UE4_FPS_Demo\FirstPersonDemo\Intermediate\Build\Win64\UE4Editor\Development\FirstPersonDemo\UE4Editor-FirstPersonDemo-0616.suppressed.exp
[2021.05.27-20.08.20:436][621]CompilerResultsLog:   [4/4] FirstPersonDemoEditor.target
[2021.05.27-20.08.20:436][621]CompilerResultsLog: Total time in Parallel executor: 2.02 seconds
[2021.05.27-20.08.20:436][621]CompilerResultsLog: Total execution time: 3.28 seconds
[2021.05.27-20.08.20:436][621]LogMainFrame: MainFrame: Module compiling took 3.413 seconds
[2021.05.27-20.08.20:464][621]LogContentBrowser: Native class hierarchy populated in 0.0156 seconds. Added 3410 classes and 807 folders.
[2021.05.27-20.08.20:464][621]Display: HotReload took  3.4s.
[2021.05.27-20.08.44:660][450]Candidate modules for hot reload:
[2021.05.27-20.08.44:660][450]  FirstPersonDemo
[2021.05.27-20.08.44:660][450]Launching UnrealBuildTool... [E:/UE_4.25/Engine/Binaries/DotNET/UnrealBuildTool.exe  -ModuleWithSuffix=FirstPersonDemo,6693 FirstPersonDemoEditor Win64 Development -Project="D:/Epic Games/UnrealProjects/UE4_FPS_Demo/FirstPersonDemo/FirstPersonDemo.uproject" "D:/Epic Games/UnrealProjects/UE4_FPS_Demo/FirstPersonDemo/FirstPersonDemo.uproject"  -IgnoreJunk]
[2021.05.27-20.08.44:664][450]Warning: Starting HotReload took  0.0s.
[2021.05.27-20.08.47:559][604]CompilerResultsLog: New page: Compilation - May 27, 2021, 10:08:47 AM
[2021.05.27-20.08.47:560][604]CompilerResultsLog: Using 'git status' to determine working set for adaptive non-unity build (D:\Epic Games\UnrealProjects\UE4_FPS_Demo).
[2021.05.27-20.08.47:560][604]CompilerResultsLog: Building FirstPersonDemoEditor...
[2021.05.27-20.08.47:560][604]CompilerResultsLog: Using Visual Studio 2019 14.28.29915 toolchain (D:\VisualStudio2019\VC\Tools\MSVC\14.28.29910) and Windows 10.0.19041.0 SDK (C:\Program Files (x86)\Windows Kits\10).
[2021.05.27-20.08.47:560][604]CompilerResultsLog: Building 4 actions with 12 processes...
[2021.05.27-20.08.47:560][604]CompilerResultsLog:   [1/4] Projectile.cpp
[2021.05.27-20.08.47:560][604]CompilerResultsLog:   [2/4] UE4Editor-FirstPersonDemo-6693.lib
[2021.05.27-20.08.47:560][604]CompilerResultsLog:      Creating library D:\Epic Games\UnrealProjects\UE4_FPS_Demo\FirstPersonDemo\Intermediate\Build\Win64\UE4Editor\Development\FirstPersonDemo\UE4Editor-FirstPersonDemo-6693.lib and object D:\Epic Games\UnrealProjects\UE4_FPS_Demo\FirstPersonDemo\Intermediate\Build\Win64\UE4Editor\Development\FirstPersonDemo\UE4Editor-FirstPersonDemo-6693.exp
[2021.05.27-20.08.47:560][604]CompilerResultsLog:   [3/4] UE4Editor-FirstPersonDemo-6693.dll
[2021.05.27-20.08.47:560][604]CompilerResultsLog:      Creating library D:\Epic Games\UnrealProjects\UE4_FPS_Demo\FirstPersonDemo\Intermediate\Build\Win64\UE4Editor\Development\FirstPersonDemo\UE4Editor-FirstPersonDemo-6693.suppressed.lib and object D:\Epic Games\UnrealProjects\UE4_FPS_Demo\FirstPersonDemo\Intermediate\Build\Win64\UE4Editor\Development\FirstPersonDemo\UE4Editor-FirstPersonDemo-6693.suppressed.exp
[2021.05.27-20.08.47:560][604]CompilerResultsLog:   [4/4] FirstPersonDemoEditor.target
[2021.05.27-20.08.47:560][604]CompilerResultsLog: Total time in Parallel executor: 1.94 seconds
[2021.05.27-20.08.47:560][604]CompilerResultsLog: Total execution time: 2.76 seconds
[2021.05.27-20.08.47:560][604]LogMainFrame: MainFrame: Module compiling took 2.905 seconds
[2021.05.27-20.08.47:632][604]LogOutputDevice: Warning: 

Script Stack (0 frames):

[2021.05.27-20.08.47:632][604]LogWindows: Windows GetLastError: The operation completed successfully. (0)
[2021.05.27-20.09.07:946][604]LogWindows: Error: === Critical error: ===
[2021.05.27-20.09.07:946][604]LogWindows: Error: 
[2021.05.27-20.09.07:946][604]LogWindows: Error: Fatal error: [File:D:/Build/++UE4/Sync/Engine/Source/Runtime/CoreUObject/Private/UObject/UObjectGlobals.cpp] [Line: 2335] 
[2021.05.27-20.09.07:946][604]LogWindows: Error: Objects have the same fully qualified name but different paths.
[2021.05.27-20.09.07:946][604]LogWindows: Error: 	New Object: Projectile /Engine/Transient.Default__Projectile
[2021.05.27-20.09.07:946][604]LogWindows: Error: 	Existing Object: HOTRELOADED_Projectile_0 /Engine/Transient.Default__Projectile
[2021.05.27-20.09.07:946][604]LogWindows: Error: 
[2021.05.27-20.09.07:946][604]LogWindows: Error: 
[2021.05.27-20.09.07:946][604]LogWindows: Error: [Callstack] 0x00007ff9cd314b89 KERNELBASE.dll!UnknownFunction []
[2021.05.27-20.09.07:946][604]LogWindows: Error: [Callstack] 0x00007ff93482ec66 UE4Editor-Core.dll!UnknownFunction []
[2021.05.27-20.09.07:946][604]LogWindows: Error: [Callstack] 0x00007ff934832048 UE4Editor-Core.dll!UnknownFunction []
[2021.05.27-20.09.07:946][604]LogWindows: Error: [Callstack] 0x00007ff9345be52d UE4Editor-Core.dll!UnknownFunction []
[2021.05.27-20.09.07:946][604]LogWindows: Error: [Callstack] 0x00007ff95f65dfca UE4Editor-CoreUObject.dll!UnknownFunction []
[2021.05.27-20.09.07:946][604]LogWindows: Error: [Callstack] 0x00007ff9a8c44fec UE4Editor-FirstPersonDemo-6693.dll!AProjectile::__VTableCtorCaller() [D:\Epic Games\UnrealProjects\UE4_FPS_Demo\FirstPersonDemo\Source\FirstPersonDemo\Projectile.h:14]
[2021.05.27-20.09.07:946][604]LogWindows: Error: [Callstack] 0x00007ff95f3cf34b UE4Editor-CoreUObject.dll!UnknownFunction []
[2021.05.27-20.09.07:946][604]LogWindows: Error: [Callstack] 0x00007ff95f3cc13d UE4Editor-CoreUObject.dll!UnknownFunction []
[2021.05.27-20.09.07:946][604]LogWindows: Error: [Callstack] 0x00007ff9a8c45d4b UE4Editor-FirstPersonDemo-6693.dll!AProjectile::GetPrivateStaticClass() [D:\Epic Games\UnrealProjects\UE4_FPS_Demo\FirstPersonDemo\Intermediate\Build\Win64\UE4Editor\Inc\FirstPersonDemo\Projectile.gen.cpp:119]
[2021.05.27-20.09.07:946][604]LogWindows: Error: [Callstack] 0x00007ff9a8c45bef UE4Editor-FirstPersonDemo-6693.dll!TClassCompiledInDefer<AProjectile>::Register() [E:\UE_4.25\Engine\Source\Runtime\CoreUObject\Public\UObject\UObjectBase.h:288]
[2021.05.27-20.09.07:946][604]LogWindows: Error: [Callstack] 0x00007ff95f6664a3 UE4Editor-CoreUObject.dll!UnknownFunction []
[2021.05.27-20.09.07:947][604]LogWindows: Error: [Callstack] 0x00007ff95f645b6e UE4Editor-CoreUObject.dll!UnknownFunction []
[2021.05.27-20.09.07:947][604]LogWindows: Error: [Callstack] 0x00007ff95f564465 UE4Editor-CoreUObject.dll!UnknownFunction []
[2021.05.27-20.09.07:947][604]LogWindows: Error: [Callstack] 0x00007ff9345f986a UE4Editor-Core.dll!UnknownFunction []
[2021.05.27-20.09.07:947][604]LogWindows: Error: [Callstack] 0x00007ff9346199f0 UE4Editor-Core.dll!UnknownFunction []
[2021.05.27-20.09.07:947][604]LogWindows: Error: [Callstack] 0x00007ff934618b08 UE4Editor-Core.dll!UnknownFunction []
[2021.05.27-20.09.07:947][604]LogWindows: Error: [Callstack] 0x00007ff8f36ab9b2 UE4Editor-HotReload.dll!UnknownFunction []
[2021.05.27-20.09.07:947][604]LogWindows: Error: [Callstack] 0x00007ff8f36a9617 UE4Editor-HotReload.dll!UnknownFunction []
[2021.05.27-20.09.07:947][604]LogWindows: Error: [Callstack] 0x00007ff8f36aa1ad UE4Editor-HotReload.dll!UnknownFunction []
[2021.05.27-20.09.07:947][604]LogWindows: Error: [Callstack] 0x00007ff8f36bc057 UE4Editor-HotReload.dll!UnknownFunction []
[2021.05.27-20.09.07:947][604]LogWindows: Error: [Callstack] 0x00007ff93437d0a9 UE4Editor-Core.dll!UnknownFunction []
[2021.05.27-20.09.07:947][604]LogWindows: Error: [Callstack] 0x00007ff786b4a213 UE4Editor.exe!UnknownFunction []
[2021.05.27-20.09.07:947][604]LogWindows: Error: [Callstack] 0x00007ff786b5ba7c UE4Editor.exe!UnknownFunction []
[2021.05.27-20.09.07:947][604]LogWindows: Error: [Callstack] 0x00007ff786b5bb5a UE4Editor.exe!UnknownFunction []
[2021.05.27-20.09.07:947][604]LogWindows: Error: [Callstack] 0x00007ff786b6e31d UE4Editor.exe!UnknownFunction []
[2021.05.27-20.09.07:947][604]LogWindows: Error: [Callstack] 0x00007ff786b7145a UE4Editor.exe!UnknownFunction []
[2021.05.27-20.09.07:947][604]LogWindows: Error: [Callstack] 0x00007ff9cd8b7034 KERNEL32.DLL!UnknownFunction []
[2021.05.27-20.09.07:947][604]LogWindows: Error: [Callstack] 0x00007ff9cf882651 ntdll.dll!UnknownFunction []
[2021.05.27-20.09.07:947][604]LogWindows: Error: 
[2021.05.27-20.09.07:957][604]LogExit: Executing StaticShutdownAfterError
[2021.05.27-20.09.08:249][604]LogWindows: FPlatformMisc::RequestExit(1)
[2021.05.27-20.09.08:249][604]LogCore: Engine exit requested (reason: Win RequestExit)
[2021.05.27-20.09.08:270][604]Log file closed, 05/27/21 15:09:08
